<?xml version="1.0" encoding="utf-8"?>
<CoverageSession xmlns:xsd="http://www.w3.org/2001/XMLSchema" xmlns:xsi="http://www.w3.org/2001/XMLSchema-instance" Version="4.7.1221.0">
  <Summary numSequencePoints="96" visitedSequencePoints="76" numBranchPoints="10" visitedBranchPoints="8" sequenceCoverage="79.17" branchCoverage="80" maxCyclomaticComplexity="1" minCyclomaticComplexity="1" maxCrapScore="2" minCrapScore="1" visitedClasses="2" numClasses="3" visitedMethods="8" numMethods="10" />
  <Modules>
    <Module skippedDueTo="Filter" hash="DE-D6-EC-B2-0C-B0-2B-41-0A-1B-7A-CB-F2-F0-EB-54-90-C8-94-C6">
      <ModulePath>C:\Program Files\dotnet\shared\Microsoft.NETCore.App\5.0.7\System.Private.CoreLib.dll</ModulePath>
      <ModuleTime>2021-05-05T19:09:02Z</ModuleTime>
      <ModuleName>System.Private.CoreLib</ModuleName>
      <Classes />
    </Module>
    <Module skippedDueTo="Filter" hash="5D-FE-83-02-F7-5F-85-5D-3A-FF-D6-56-4C-DB-71-79-DB-40-A4-08">
      <ModulePath>C:\Program Files\dotnet\sdk\5.0.301\dotnet.dll</ModulePath>
      <ModuleTime>2021-05-21T18:15:54Z</ModuleTime>
      <ModuleName>dotnet</ModuleName>
      <Classes />
    </Module>
    <Module skippedDueTo="Filter" hash="CC-AB-9E-7A-0C-43-9E-47-4F-E5-B0-8E-16-56-1F-84-32-9D-6D-69">
      <ModulePath>C:\Program Files\dotnet\shared\Microsoft.NETCore.App\5.0.7\System.Runtime.dll</ModulePath>
      <ModuleTime>2021-05-05T19:11:42Z</ModuleTime>
      <ModuleName>System.Runtime</ModuleName>
      <Classes />
    </Module>
    <Module skippedDueTo="Filter" hash="BF-82-0F-21-F3-78-8E-86-A0-CD-97-CD-B6-8B-FE-7C-89-07-65-36">
      <ModulePath>C:\Program Files\dotnet\shared\Microsoft.NETCore.App\5.0.7\System.Diagnostics.Tracing.dll</ModulePath>
      <ModuleTime>2021-05-05T19:12:12Z</ModuleTime>
      <ModuleName>System.Diagnostics.Tracing</ModuleName>
      <Classes />
    </Module>
    <Module skippedDueTo="Filter" hash="35-4B-E7-0A-3B-3D-F2-7A-4F-EE-01-13-E5-09-EA-35-C7-B4-03-DC">
      <ModulePath>C:\Program Files\dotnet\shared\Microsoft.NETCore.App\5.0.7\System.Diagnostics.Process.dll</ModulePath>
      <ModuleTime>2021-05-05T19:12:10Z</ModuleTime>
      <ModuleName>System.Diagnostics.Process</ModuleName>
      <Classes />
    </Module>
    <Module skippedDueTo="Filter" hash="5F-9B-8D-41-6E-9F-4E-0B-34-0A-3C-B6-6C-D7-E5-73-DD-4C-12-75">
      <ModulePath>C:\Program Files\dotnet\shared\Microsoft.NETCore.App\5.0.7\System.ComponentModel.Primitives.dll</ModulePath>
      <ModuleTime>2021-05-05T19:11:18Z</ModuleTime>
      <ModuleName>System.ComponentModel.Primitives</ModuleName>
      <Classes />
    </Module>
    <Module skippedDueTo="Filter" hash="4B-98-0F-BC-19-C8-84-D9-79-F6-4F-4C-1F-9D-54-EB-1F-4B-A5-BF">
      <ModulePath>C:\Program Files\dotnet\sdk\5.0.301\Microsoft.DotNet.Cli.Utils.dll</ModulePath>
      <ModuleTime>2021-05-21T18:15:34Z</ModuleTime>
      <ModuleName>Microsoft.DotNet.Cli.Utils</ModuleName>
      <Classes />
    </Module>
    <Module skippedDueTo="Filter" hash="54-F7-E9-AF-2B-BA-22-89-B1-12-A3-07-BE-B0-DB-AF-E0-61-2B-9A">
      <ModulePath>C:\Program Files\dotnet\sdk\5.0.301\Microsoft.DotNet.InternalAbstractions.dll</ModulePath>
      <ModuleTime>2021-05-21T18:15:32Z</ModuleTime>
      <ModuleName>Microsoft.DotNet.InternalAbstractions</ModuleName>
      <Classes />
    </Module>
    <Module skippedDueTo="Filter" hash="DA-9B-36-91-15-5D-F5-1F-61-0E-26-E1-7E-D9-D0-09-F4-1E-F2-E4">
      <ModulePath>C:\Program Files\dotnet\shared\Microsoft.NETCore.App\5.0.7\netstandard.dll</ModulePath>
      <ModuleTime>2021-05-05T19:12:04Z</ModuleTime>
      <ModuleName>netstandard</ModuleName>
      <Classes />
    </Module>
    <Module skippedDueTo="Filter" hash="5E-A6-9B-2E-15-3A-C9-7D-33-4B-44-B8-FE-34-13-B4-1D-4E-F6-53">
      <ModulePath>C:\Program Files\dotnet\shared\Microsoft.NETCore.App\5.0.7\Microsoft.Win32.Primitives.dll</ModulePath>
      <ModuleTime>2021-05-05T19:12:04Z</ModuleTime>
      <ModuleName>Microsoft.Win32.Primitives</ModuleName>
      <Classes />
    </Module>
    <Module skippedDueTo="Filter" hash="BB-C4-8B-B7-B7-1C-3D-3A-43-E0-5F-8F-22-35-97-68-9B-AD-BF-91">
      <ModulePath>C:\Program Files\dotnet\shared\Microsoft.NETCore.App\5.0.7\System.Runtime.InteropServices.dll</ModulePath>
      <ModuleTime>2021-05-05T19:12:10Z</ModuleTime>
      <ModuleName>System.Runtime.InteropServices</ModuleName>
      <Classes />
    </Module>
    <Module skippedDueTo="Filter" hash="30-EB-33-D1-F5-85-23-F4-BD-77-1F-AA-3E-45-16-24-9B-88-CD-27">
      <ModulePath>C:\Program Files\dotnet\shared\Microsoft.NETCore.App\5.0.7\System.Runtime.Loader.dll</ModulePath>
      <ModuleTime>2021-05-05T19:11:42Z</ModuleTime>
      <ModuleName>System.Runtime.Loader</ModuleName>
      <Classes />
    </Module>
    <Module skippedDueTo="Filter" hash="16-41-DA-AF-55-A3-B4-B2-E8-EE-28-45-E0-10-4A-33-46-F1-00-52">
      <ModulePath>C:\Program Files\dotnet\shared\Microsoft.NETCore.App\5.0.7\System.Runtime.InteropServices.RuntimeInformation.dll</ModulePath>
      <ModuleTime>2021-05-05T19:11:42Z</ModuleTime>
      <ModuleName>System.Runtime.InteropServices.RuntimeInformation</ModuleName>
      <Classes />
    </Module>
    <Module skippedDueTo="Filter" hash="0F-E7-F7-8B-45-15-D0-9C-4A-6D-62-00-EC-7F-98-33-08-DD-29-AF">
      <ModulePath>C:\Program Files\dotnet\shared\Microsoft.NETCore.App\5.0.7\System.IO.FileSystem.dll</ModulePath>
      <ModuleTime>2021-05-05T19:11:42Z</ModuleTime>
      <ModuleName>System.IO.FileSystem</ModuleName>
      <Classes />
    </Module>
    <Module skippedDueTo="Filter" hash="8D-24-8E-7D-57-13-9A-02-94-E6-9F-53-3E-EA-30-24-7E-B3-D4-72">
      <ModulePath>C:\Program Files\dotnet\shared\Microsoft.NETCore.App\5.0.7\System.Memory.dll</ModulePath>
      <ModuleTime>2021-05-05T19:11:42Z</ModuleTime>
      <ModuleName>System.Memory</ModuleName>
      <Classes />
    </Module>
    <Module skippedDueTo="Filter" hash="C8-87-C1-E9-CF-7A-C9-BB-E9-1F-0E-D7-ED-AC-24-84-69-7B-31-AE">
      <ModulePath>C:\Program Files\dotnet\shared\Microsoft.NETCore.App\5.0.7\System.Text.Encoding.CodePages.dll</ModulePath>
      <ModuleTime>2021-05-05T19:12:14Z</ModuleTime>
      <ModuleName>System.Text.Encoding.CodePages</ModuleName>
      <Classes />
    </Module>
    <Module skippedDueTo="Filter" hash="DC-94-46-39-CC-51-79-7D-06-F7-75-F3-5B-CA-32-A4-94-48-D3-F5">
      <ModulePath>C:\Program Files\dotnet\shared\Microsoft.NETCore.App\5.0.7\System.Collections.dll</ModulePath>
      <ModuleTime>2021-05-05T19:11:38Z</ModuleTime>
      <ModuleName>System.Collections</ModuleName>
      <Classes />
    </Module>
    <Module skippedDueTo="Filter" hash="FC-7C-A1-0E-B5-8A-40-4E-45-B8-C0-28-4B-7E-79-4F-BA-60-6C-95">
      <ModulePath>C:\Program Files\dotnet\shared\Microsoft.NETCore.App\5.0.7\System.Threading.dll</ModulePath>
      <ModuleTime>2021-05-05T19:12:16Z</ModuleTime>
      <ModuleName>System.Threading</ModuleName>
      <Classes />
    </Module>
    <Module skippedDueTo="Filter" hash="52-03-4B-3F-F2-CB-EA-33-AF-7B-16-32-58-E6-BC-28-0E-9D-3F-9D">
      <ModulePath>C:\Program Files\dotnet\shared\Microsoft.NETCore.App\5.0.7\System.Collections.Concurrent.dll</ModulePath>
      <ModuleTime>2021-05-05T19:12:06Z</ModuleTime>
      <ModuleName>System.Collections.Concurrent</ModuleName>
      <Classes />
    </Module>
    <Module skippedDueTo="Filter" hash="6B-BD-8D-A4-CB-2A-DA-08-70-9B-77-6A-E7-2B-6B-CD-0D-D4-57-A7">
      <ModulePath>C:\Program Files\dotnet\shared\Microsoft.NETCore.App\5.0.7\System.Threading.Thread.dll</ModulePath>
      <ModuleTime>2021-05-05T19:11:44Z</ModuleTime>
      <ModuleName>System.Threading.Thread</ModuleName>
      <Classes />
    </Module>
    <Module skippedDueTo="Filter" hash="15-76-ED-EB-CA-10-D8-AE-9F-48-DE-4F-EF-66-06-BE-A6-B9-4B-1C">
      <ModulePath>C:\Program Files\dotnet\sdk\5.0.301\Microsoft.DotNet.Configurer.dll</ModulePath>
      <ModuleTime>2021-05-21T18:15:32Z</ModuleTime>
      <ModuleName>Microsoft.DotNet.Configurer</ModuleName>
      <Classes />
    </Module>
    <Module skippedDueTo="Filter" hash="15-35-02-2C-19-5C-BA-E5-54-AF-23-10-0F-B9-E3-E5-D0-15-29-36">
      <ModulePath>C:\Program Files\dotnet\sdk\5.0.301\Microsoft.DotNet.Cli.CommandLine.dll</ModulePath>
      <ModuleTime>2021-05-21T18:15:32Z</ModuleTime>
      <ModuleName>Microsoft.DotNet.Cli.CommandLine</ModuleName>
      <Classes />
    </Module>
    <Module skippedDueTo="Filter" hash="58-F8-F9-06-BE-29-DF-B4-D9-EB-CD-73-0E-B4-0C-14-FF-35-DC-E1">
      <ModulePath>C:\Program Files\dotnet\shared\Microsoft.NETCore.App\5.0.7\System.Linq.dll</ModulePath>
      <ModuleTime>2021-05-05T19:11:42Z</ModuleTime>
      <ModuleName>System.Linq</ModuleName>
      <Classes />
    </Module>
    <Module skippedDueTo="Filter" hash="4A-02-CF-0D-C3-D1-57-6C-D0-35-82-5F-8B-34-F2-44-D0-02-1A-01">
      <ModulePath>C:\Program Files\dotnet\sdk\5.0.301\NuGet.Frameworks.dll</ModulePath>
      <ModuleTime>2021-05-21T18:15:26Z</ModuleTime>
      <ModuleName>NuGet.Frameworks</ModuleName>
      <Classes />
    </Module>
    <Module skippedDueTo="Filter" hash="9A-C5-DC-4E-83-CF-0C-B0-E8-07-CD-C4-90-9F-E2-68-D2-1C-21-36">
      <ModulePath>C:\Program Files\dotnet\shared\Microsoft.NETCore.App\5.0.7\System.Console.dll</ModulePath>
      <ModuleTime>2021-05-05T19:13:00Z</ModuleTime>
      <ModuleName>System.Console</ModuleName>
      <Classes />
    </Module>
    <Module skippedDueTo="Filter" hash="5D-66-90-DB-CA-70-F8-F6-FE-82-1C-CF-60-2E-E7-1A-AA-58-01-B4">
      <ModulePath>C:\Program Files\dotnet\shared\Microsoft.NETCore.App\5.0.7\System.Text.Encoding.Extensions.dll</ModulePath>
      <ModuleTime>2021-05-05T19:12:18Z</ModuleTime>
      <ModuleName>System.Text.Encoding.Extensions</ModuleName>
      <Classes />
    </Module>
    <Module skippedDueTo="Filter" hash="E1-1A-30-19-E3-79-66-FE-BD-8F-FD-21-1D-DA-C2-7F-EE-62-7A-E0">
      <ModulePath>C:\Program Files\dotnet\shared\Microsoft.NETCore.App\5.0.7\System.Runtime.CompilerServices.Unsafe.dll</ModulePath>
      <ModuleTime>2021-05-05T19:11:40Z</ModuleTime>
      <ModuleName>System.Runtime.CompilerServices.Unsafe</ModuleName>
      <Classes />
    </Module>
    <Module skippedDueTo="Filter" hash="04-69-D5-3F-CF-EE-06-DA-E4-65-87-CF-8E-26-D4-91-AB-37-B3-24">
      <ModulePath>C:\Program Files\dotnet\sdk\5.0.301\Microsoft.ApplicationInsights.dll</ModulePath>
      <ModuleTime>2021-05-21T18:15:32Z</ModuleTime>
      <ModuleName>Microsoft.ApplicationInsights</ModuleName>
      <Classes />
    </Module>
    <Module skippedDueTo="Filter" hash="3C-E3-AE-32-64-69-14-C7-82-E1-E5-4F-0A-F2-1B-83-AA-84-60-33">
      <ModulePath>C:\Program Files\dotnet\shared\Microsoft.NETCore.App\5.0.7\System.Private.Uri.dll</ModulePath>
      <ModuleTime>2021-05-05T19:12:06Z</ModuleTime>
      <ModuleName>System.Private.Uri</ModuleName>
      <Classes />
    </Module>
    <Module skippedDueTo="Filter" hash="55-E0-27-73-F5-83-D5-2A-C1-CE-E0-5A-C8-E3-B2-77-C9-99-46-05">
      <ModulePath>C:\Program Files\dotnet\shared\Microsoft.NETCore.App\5.0.7\System.Reflection.Extensions.dll</ModulePath>
      <ModuleTime>2021-05-05T19:12:08Z</ModuleTime>
      <ModuleName>System.Reflection.Extensions</ModuleName>
      <Classes />
    </Module>
    <Module skippedDueTo="Filter" hash="49-B8-79-E0-BE-7A-8F-B4-2F-1E-63-3E-64-AF-2F-79-E5-02-83-7C">
      <ModulePath>C:\Program Files\dotnet\shared\Microsoft.NETCore.App\5.0.7\System.Reflection.dll</ModulePath>
      <ModuleTime>2021-05-05T19:12:08Z</ModuleTime>
      <ModuleName>System.Reflection</ModuleName>
      <Classes />
    </Module>
    <Module skippedDueTo="Filter" hash="42-19-6F-F6-5D-42-39-5C-4E-A0-45-FF-41-A7-94-78-BA-7A-31-80">
      <ModulePath>C:\Program Files\dotnet\shared\Microsoft.NETCore.App\5.0.7\System.Xml.XDocument.dll</ModulePath>
      <ModuleTime>2021-05-05T19:11:52Z</ModuleTime>
      <ModuleName>System.Xml.XDocument</ModuleName>
      <Classes />
    </Module>
    <Module skippedDueTo="Filter" hash="9A-6E-BF-70-5E-86-D8-E0-8B-B2-A9-74-90-F5-03-7D-28-9E-C4-B6">
      <ModulePath>C:\Program Files\dotnet\shared\Microsoft.NETCore.App\5.0.7\System.Private.Xml.Linq.dll</ModulePath>
      <ModuleTime>2021-05-05T19:11:40Z</ModuleTime>
      <ModuleName>System.Private.Xml.Linq</ModuleName>
      <Classes />
    </Module>
    <Module skippedDueTo="Filter" hash="6B-AE-F8-CD-D8-0C-0C-C0-7C-1A-02-58-E9-F1-1B-B4-C2-FC-F3-42">
      <ModulePath>C:\Program Files\dotnet\shared\Microsoft.NETCore.App\5.0.7\System.Security.Cryptography.Algorithms.dll</ModulePath>
      <ModuleTime>2021-05-05T19:12:12Z</ModuleTime>
      <ModuleName>System.Security.Cryptography.Algorithms</ModuleName>
      <Classes />
    </Module>
    <Module skippedDueTo="Filter" hash="D1-2D-D3-73-B0-F3-EE-97-7C-9F-22-88-70-84-92-EC-BA-F6-06-7B">
      <ModulePath>C:\Program Files\dotnet\shared\Microsoft.NETCore.App\5.0.7\System.Security.Cryptography.Primitives.dll</ModulePath>
      <ModuleTime>2021-05-05T19:11:44Z</ModuleTime>
      <ModuleName>System.Security.Cryptography.Primitives</ModuleName>
      <Classes />
    </Module>
    <Module skippedDueTo="Filter" hash="CA-93-9C-9B-94-55-D7-0D-01-9C-13-F3-E2-2A-3C-69-33-AF-09-78">
      <ModulePath>C:\Program Files\dotnet\shared\Microsoft.NETCore.App\5.0.7\System.Private.Xml.dll</ModulePath>
      <ModuleTime>2021-05-05T19:12:06Z</ModuleTime>
      <ModuleName>System.Private.Xml</ModuleName>
      <Classes />
    </Module>
    <Module skippedDueTo="Filter" hash="93-8F-75-AF-98-A4-85-0B-A6-3C-1D-3B-6C-04-C0-BF-07-98-7B-13">
      <ModulePath>C:\Program Files\dotnet\sdk\5.0.301\Microsoft.TemplateEngine.Cli.dll</ModulePath>
      <ModuleTime>2021-05-21T18:15:34Z</ModuleTime>
      <ModuleName>Microsoft.TemplateEngine.Cli</ModuleName>
      <Classes />
    </Module>
    <Module skippedDueTo="Filter" hash="D2-5D-EB-F3-96-E6-78-0E-50-C8-6D-D9-FF-C5-11-4B-21-69-A9-47">
      <ModulePath>C:\Program Files\dotnet\shared\Microsoft.NETCore.App\5.0.7\System.Xml.ReaderWriter.dll</ModulePath>
      <ModuleTime>2021-05-05T19:11:32Z</ModuleTime>
      <ModuleName>System.Xml.ReaderWriter</ModuleName>
      <Classes />
    </Module>
    <Module skippedDueTo="Filter" hash="9A-45-D4-8D-7B-2E-9D-8D-A4-F5-95-43-4D-F7-26-7A-22-66-E3-32">
      <ModulePath>C:\Program Files\dotnet\shared\Microsoft.NETCore.App\5.0.7\System.Threading.Tasks.dll</ModulePath>
      <ModuleTime>2021-05-05T19:12:58Z</ModuleTime>
      <ModuleName>System.Threading.Tasks</ModuleName>
      <Classes />
    </Module>
    <Module skippedDueTo="Filter" hash="07-BB-3A-EE-FF-E3-14-FE-C4-37-6C-0F-2B-76-FE-ED-75-DA-92-30">
      <ModulePath>C:\Program Files\dotnet\shared\Microsoft.NETCore.App\5.0.7\System.Text.RegularExpressions.dll</ModulePath>
      <ModuleTime>2021-05-05T19:12:16Z</ModuleTime>
      <ModuleName>System.Text.RegularExpressions</ModuleName>
      <Classes />
    </Module>
    <Module skippedDueTo="Filter" hash="CA-AB-05-50-DE-1D-8C-5F-ED-DE-34-17-DF-34-F1-81-DF-11-A2-E6">
      <ModulePath>C:\Program Files\dotnet\shared\Microsoft.NETCore.App\5.0.7\System.Globalization.dll</ModulePath>
      <ModuleTime>2021-05-05T19:12:08Z</ModuleTime>
      <ModuleName>System.Globalization</ModuleName>
      <Classes />
    </Module>
    <Module skippedDueTo="Filter" hash="C9-E3-E6-1A-E9-F4-48-31-B2-E9-8F-95-AE-B9-AD-CA-43-9F-F2-7B">
      <ModulePath>C:\Program Files\dotnet\shared\Microsoft.NETCore.App\5.0.7\System.Reflection.Emit.ILGeneration.dll</ModulePath>
      <ModuleTime>2021-05-05T19:12:08Z</ModuleTime>
      <ModuleName>System.Reflection.Emit.ILGeneration</ModuleName>
      <Classes />
    </Module>
    <Module skippedDueTo="Filter" hash="14-86-24-CE-2D-42-5D-2E-D5-44-03-A0-3D-C9-9F-AC-16-9D-95-88">
      <ModulePath>C:\Program Files\dotnet\shared\Microsoft.NETCore.App\5.0.7\System.Reflection.Emit.Lightweight.dll</ModulePath>
      <ModuleTime>2021-05-05T19:12:10Z</ModuleTime>
      <ModuleName>System.Reflection.Emit.Lightweight</ModuleName>
      <Classes />
    </Module>
    <Module skippedDueTo="Filter" hash="B5-15-3C-6B-3F-C4-08-D2-67-6E-92-0E-A4-70-CB-C1-C3-85-C3-D7">
      <ModulePath>C:\Program Files\dotnet\shared\Microsoft.NETCore.App\5.0.7\System.Reflection.Primitives.dll</ModulePath>
      <ModuleTime>2021-05-05T19:11:18Z</ModuleTime>
      <ModuleName>System.Reflection.Primitives</ModuleName>
      <Classes />
    </Module>
    <Module skippedDueTo="Filter" hash="B4-8D-D7-0D-3D-47-96-DB-B7-E8-FD-A4-F6-67-01-F3-F9-78-20-4D">
      <ModulePath>C:\Program Files\dotnet\sdk\5.0.301\Microsoft.TemplateEngine.Utils.dll</ModulePath>
      <ModuleTime>2021-05-21T18:20:34Z</ModuleTime>
      <ModuleName>Microsoft.TemplateEngine.Utils</ModuleName>
      <Classes />
    </Module>
    <Module skippedDueTo="Filter" hash="7E-53-66-F9-D8-A4-DE-04-5C-63-61-7E-C4-EC-D2-A5-0E-77-E3-7F">
      <ModulePath>C:\Program Files\dotnet\shared\Microsoft.NETCore.App\5.0.7\Microsoft.Win32.Registry.dll</ModulePath>
      <ModuleTime>2021-05-05T19:11:38Z</ModuleTime>
      <ModuleName>Microsoft.Win32.Registry</ModuleName>
      <Classes />
    </Module>
    <Module skippedDueTo="Filter" hash="52-A2-42-32-35-A0-F9-A3-29-E4-C0-F8-3F-56-56-F2-9E-1A-9D-F3">
      <ModulePath>C:\Program Files\dotnet\shared\Microsoft.NETCore.App\5.0.7\System.Diagnostics.Tools.dll</ModulePath>
      <ModuleTime>2021-05-05T19:11:40Z</ModuleTime>
      <ModuleName>System.Diagnostics.Tools</ModuleName>
      <Classes />
    </Module>
    <Module skippedDueTo="Filter" hash="11-F7-1D-7B-C3-A4-94-A5-7E-7A-8B-29-97-9D-F8-39-B9-9C-95-37">
      <ModulePath>C:\Program Files\dotnet\shared\Microsoft.NETCore.App\5.0.7\System.Runtime.Extensions.dll</ModulePath>
      <ModuleTime>2021-05-05T19:12:06Z</ModuleTime>
      <ModuleName>System.Runtime.Extensions</ModuleName>
      <Classes />
    </Module>
    <Module skippedDueTo="Filter" hash="3D-BE-82-81-0E-25-D5-DC-30-12-76-21-69-A1-E5-D2-07-85-FA-7A">
      <ModulePath>C:\Program Files\dotnet\shared\Microsoft.NETCore.App\5.0.7\System.Diagnostics.Debug.dll</ModulePath>
      <ModuleTime>2021-05-05T19:11:38Z</ModuleTime>
      <ModuleName>System.Diagnostics.Debug</ModuleName>
      <Classes />
    </Module>
    <Module skippedDueTo="Filter" hash="B3-5C-17-C2-1A-A9-9D-9E-CA-F2-8F-44-88-5F-C8-66-B7-BA-02-D8">
      <ModulePath>C:\Program Files\dotnet\shared\Microsoft.NETCore.App\5.0.7\System.IO.dll</ModulePath>
      <ModuleTime>2021-05-05T19:12:10Z</ModuleTime>
      <ModuleName>System.IO</ModuleName>
      <Classes />
    </Module>
    <Module skippedDueTo="Filter" hash="0F-06-DD-B9-6F-88-91-DE-01-1F-14-42-E7-33-60-DD-10-E6-4F-BA">
      <ModulePath>C:\Program Files\dotnet\shared\Microsoft.NETCore.App\5.0.7\System.Text.Encoding.dll</ModulePath>
      <ModuleTime>2021-05-05T19:11:44Z</ModuleTime>
      <ModuleName>System.Text.Encoding</ModuleName>
      <Classes />
    </Module>
    <Module skippedDueTo="Filter" hash="30-E3-61-DB-D8-41-77-13-F1-65-CA-B0-85-1E-21-E8-EF-F3-61-1D">
      <ModulePath>C:\Program Files\dotnet\shared\Microsoft.NETCore.App\5.0.7\System.IO.Compression.dll</ModulePath>
      <ModuleTime>2021-05-05T19:12:10Z</ModuleTime>
      <ModuleName>System.IO.Compression</ModuleName>
      <Classes />
    </Module>
    <Module skippedDueTo="Filter" hash="F5-A8-2F-89-D0-04-D3-2A-C6-13-DB-E1-87-D8-E2-5F-E2-23-4E-1A">
      <ModulePath>C:\Program Files\dotnet\shared\Microsoft.NETCore.App\5.0.7\System.Net.Http.dll</ModulePath>
      <ModuleTime>2021-05-05T19:12:16Z</ModuleTime>
      <ModuleName>System.Net.Http</ModuleName>
      <Classes />
    </Module>
    <Module skippedDueTo="Filter" hash="4A-FC-45-55-E5-6C-A0-19-8F-A6-0B-4F-9E-6F-3D-0D-ED-B8-CE-D1">
      <ModulePath>C:\Program Files\dotnet\shared\Microsoft.NETCore.App\5.0.7\System.Net.Primitives.dll</ModulePath>
      <ModuleTime>2021-05-05T19:12:16Z</ModuleTime>
      <ModuleName>System.Net.Primitives</ModuleName>
      <Classes />
    </Module>
    <Module skippedDueTo="Filter" hash="A7-13-B6-5B-F8-2F-12-6E-8A-FA-BB-07-B3-2A-C6-63-EA-90-F1-BF">
      <ModulePath>C:\Program Files\dotnet\shared\Microsoft.NETCore.App\5.0.7\System.Net.Security.dll</ModulePath>
      <ModuleTime>2021-05-05T19:11:44Z</ModuleTime>
      <ModuleName>System.Net.Security</ModuleName>
      <Classes />
    </Module>
    <Module skippedDueTo="Filter" hash="17-2C-9B-32-B4-35-99-E6-05-C4-72-D1-C7-88-09-5E-99-A2-C1-AA">
      <ModulePath>C:\Program Files\dotnet\shared\Microsoft.NETCore.App\5.0.7\System.Diagnostics.DiagnosticSource.dll</ModulePath>
      <ModuleTime>2021-05-05T19:11:40Z</ModuleTime>
      <ModuleName>System.Diagnostics.DiagnosticSource</ModuleName>
      <Classes />
    </Module>
    <Module skippedDueTo="Filter" hash="6F-03-9D-8C-BB-98-96-4C-B4-49-89-99-9F-05-D1-25-8F-BD-CE-AB">
      <ModulePath>C:\Program Files\dotnet\shared\Microsoft.NETCore.App\5.0.7\System.Security.Cryptography.X509Certificates.dll</ModulePath>
      <ModuleTime>2021-05-05T19:12:12Z</ModuleTime>
      <ModuleName>System.Security.Cryptography.X509Certificates</ModuleName>
      <Classes />
    </Module>
    <Module skippedDueTo="Filter" hash="22-AA-09-A7-7C-C5-C9-92-88-D5-30-D4-DF-DA-97-6B-97-91-EB-64">
      <ModulePath>C:\Program Files\dotnet\sdk\5.0.301\Microsoft.Build.Framework.dll</ModulePath>
      <ModuleTime>2021-05-21T18:15:32Z</ModuleTime>
      <ModuleName>Microsoft.Build.Framework</ModuleName>
      <Classes />
    </Module>
    <Module skippedDueTo="Filter" hash="EB-79-E6-A7-52-29-AD-76-6E-61-AD-0F-DC-B7-CE-4E-8D-10-D6-2B">
      <ModulePath>C:\Program Files\dotnet\shared\Microsoft.NETCore.App\5.0.7\System.Collections.NonGeneric.dll</ModulePath>
      <ModuleTime>2021-05-05T19:12:06Z</ModuleTime>
      <ModuleName>System.Collections.NonGeneric</ModuleName>
      <Classes />
    </Module>
    <Module skippedDueTo="Filter" hash="DE-D6-EC-B2-0C-B0-2B-41-0A-1B-7A-CB-F2-F0-EB-54-90-C8-94-C6">
      <ModulePath>C:\Program Files\dotnet\shared\Microsoft.NETCore.App\5.0.7\System.Private.CoreLib.dll</ModulePath>
      <ModuleTime>2021-05-05T19:09:02Z</ModuleTime>
      <ModuleName>System.Private.CoreLib</ModuleName>
      <Classes />
    </Module>
    <Module skippedDueTo="Filter" hash="5D-C9-B0-F1-A6-60-E9-0E-3D-43-B7-51-69-4C-6D-6B-C7-F7-05-3E">
      <ModulePath>C:\Program Files\dotnet\sdk\5.0.301\MSBuild.dll</ModulePath>
      <ModuleTime>2021-05-21T18:15:28Z</ModuleTime>
      <ModuleName>MSBuild</ModuleName>
      <Classes />
    </Module>
    <Module skippedDueTo="Filter" hash="CC-AB-9E-7A-0C-43-9E-47-4F-E5-B0-8E-16-56-1F-84-32-9D-6D-69">
      <ModulePath>C:\Program Files\dotnet\shared\Microsoft.NETCore.App\5.0.7\System.Runtime.dll</ModulePath>
      <ModuleTime>2021-05-05T19:11:42Z</ModuleTime>
      <ModuleName>System.Runtime</ModuleName>
      <Classes />
    </Module>
    <Module skippedDueTo="Filter" hash="BF-82-0F-21-F3-78-8E-86-A0-CD-97-CD-B6-8B-FE-7C-89-07-65-36">
      <ModulePath>C:\Program Files\dotnet\shared\Microsoft.NETCore.App\5.0.7\System.Diagnostics.Tracing.dll</ModulePath>
      <ModuleTime>2021-05-05T19:12:12Z</ModuleTime>
      <ModuleName>System.Diagnostics.Tracing</ModuleName>
      <Classes />
    </Module>
    <Module skippedDueTo="Filter" hash="FC-7C-A1-0E-B5-8A-40-4E-45-B8-C0-28-4B-7E-79-4F-BA-60-6C-95">
      <ModulePath>C:\Program Files\dotnet\shared\Microsoft.NETCore.App\5.0.7\System.Threading.dll</ModulePath>
      <ModuleTime>2021-05-05T19:12:16Z</ModuleTime>
      <ModuleName>System.Threading</ModuleName>
      <Classes />
    </Module>
    <Module skippedDueTo="Filter" hash="22-AA-09-A7-7C-C5-C9-92-88-D5-30-D4-DF-DA-97-6B-97-91-EB-64">
      <ModulePath>C:\Program Files\dotnet\sdk\5.0.301\Microsoft.Build.Framework.dll</ModulePath>
      <ModuleTime>2021-05-21T18:15:32Z</ModuleTime>
      <ModuleName>Microsoft.Build.Framework</ModuleName>
      <Classes />
    </Module>
    <Module skippedDueTo="Filter" hash="DA-9B-36-91-15-5D-F5-1F-61-0E-26-E1-7E-D9-D0-09-F4-1E-F2-E4">
      <ModulePath>C:\Program Files\dotnet\shared\Microsoft.NETCore.App\5.0.7\netstandard.dll</ModulePath>
      <ModuleTime>2021-05-05T19:12:04Z</ModuleTime>
      <ModuleName>netstandard</ModuleName>
      <Classes />
    </Module>
    <Module skippedDueTo="Filter" hash="0F-E7-F7-8B-45-15-D0-9C-4A-6D-62-00-EC-7F-98-33-08-DD-29-AF">
      <ModulePath>C:\Program Files\dotnet\shared\Microsoft.NETCore.App\5.0.7\System.IO.FileSystem.dll</ModulePath>
      <ModuleTime>2021-05-05T19:11:42Z</ModuleTime>
      <ModuleName>System.IO.FileSystem</ModuleName>
      <Classes />
    </Module>
    <Module skippedDueTo="Filter" hash="16-41-DA-AF-55-A3-B4-B2-E8-EE-28-45-E0-10-4A-33-46-F1-00-52">
      <ModulePath>C:\Program Files\dotnet\shared\Microsoft.NETCore.App\5.0.7\System.Runtime.InteropServices.RuntimeInformation.dll</ModulePath>
      <ModuleTime>2021-05-05T19:11:42Z</ModuleTime>
      <ModuleName>System.Runtime.InteropServices.RuntimeInformation</ModuleName>
      <Classes />
    </Module>
    <Module skippedDueTo="Filter" hash="35-4B-E7-0A-3B-3D-F2-7A-4F-EE-01-13-E5-09-EA-35-C7-B4-03-DC">
      <ModulePath>C:\Program Files\dotnet\shared\Microsoft.NETCore.App\5.0.7\System.Diagnostics.Process.dll</ModulePath>
      <ModuleTime>2021-05-05T19:12:10Z</ModuleTime>
      <ModuleName>System.Diagnostics.Process</ModuleName>
      <Classes />
    </Module>
    <Module skippedDueTo="Filter" hash="5F-9B-8D-41-6E-9F-4E-0B-34-0A-3C-B6-6C-D7-E5-73-DD-4C-12-75">
      <ModulePath>C:\Program Files\dotnet\shared\Microsoft.NETCore.App\5.0.7\System.ComponentModel.Primitives.dll</ModulePath>
      <ModuleTime>2021-05-05T19:11:18Z</ModuleTime>
      <ModuleName>System.ComponentModel.Primitives</ModuleName>
      <Classes />
    </Module>
    <Module skippedDueTo="Filter" hash="58-F8-F9-06-BE-29-DF-B4-D9-EB-CD-73-0E-B4-0C-14-FF-35-DC-E1">
      <ModulePath>C:\Program Files\dotnet\shared\Microsoft.NETCore.App\5.0.7\System.Linq.dll</ModulePath>
      <ModuleTime>2021-05-05T19:11:42Z</ModuleTime>
      <ModuleName>System.Linq</ModuleName>
      <Classes />
    </Module>
    <Module skippedDueTo="Filter" hash="07-BB-3A-EE-FF-E3-14-FE-C4-37-6C-0F-2B-76-FE-ED-75-DA-92-30">
      <ModulePath>C:\Program Files\dotnet\shared\Microsoft.NETCore.App\5.0.7\System.Text.RegularExpressions.dll</ModulePath>
      <ModuleTime>2021-05-05T19:12:16Z</ModuleTime>
      <ModuleName>System.Text.RegularExpressions</ModuleName>
      <Classes />
    </Module>
    <Module skippedDueTo="Filter" hash="52-03-4B-3F-F2-CB-EA-33-AF-7B-16-32-58-E6-BC-28-0E-9D-3F-9D">
      <ModulePath>C:\Program Files\dotnet\shared\Microsoft.NETCore.App\5.0.7\System.Collections.Concurrent.dll</ModulePath>
      <ModuleTime>2021-05-05T19:12:06Z</ModuleTime>
      <ModuleName>System.Collections.Concurrent</ModuleName>
      <Classes />
    </Module>
    <Module skippedDueTo="Filter" hash="DC-94-46-39-CC-51-79-7D-06-F7-75-F3-5B-CA-32-A4-94-48-D3-F5">
      <ModulePath>C:\Program Files\dotnet\shared\Microsoft.NETCore.App\5.0.7\System.Collections.dll</ModulePath>
      <ModuleTime>2021-05-05T19:11:38Z</ModuleTime>
      <ModuleName>System.Collections</ModuleName>
      <Classes />
    </Module>
    <Module skippedDueTo="Filter" hash="8D-24-8E-7D-57-13-9A-02-94-E6-9F-53-3E-EA-30-24-7E-B3-D4-72">
      <ModulePath>C:\Program Files\dotnet\shared\Microsoft.NETCore.App\5.0.7\System.Memory.dll</ModulePath>
      <ModuleTime>2021-05-05T19:11:42Z</ModuleTime>
      <ModuleName>System.Memory</ModuleName>
      <Classes />
    </Module>
    <Module skippedDueTo="Filter" hash="BB-C4-8B-B7-B7-1C-3D-3A-43-E0-5F-8F-22-35-97-68-9B-AD-BF-91">
      <ModulePath>C:\Program Files\dotnet\shared\Microsoft.NETCore.App\5.0.7\System.Runtime.InteropServices.dll</ModulePath>
      <ModuleTime>2021-05-05T19:12:10Z</ModuleTime>
      <ModuleName>System.Runtime.InteropServices</ModuleName>
      <Classes />
    </Module>
    <Module skippedDueTo="Filter" hash="9A-C5-DC-4E-83-CF-0C-B0-E8-07-CD-C4-90-9F-E2-68-D2-1C-21-36">
      <ModulePath>C:\Program Files\dotnet\shared\Microsoft.NETCore.App\5.0.7\System.Console.dll</ModulePath>
      <ModuleTime>2021-05-05T19:13:00Z</ModuleTime>
      <ModuleName>System.Console</ModuleName>
      <Classes />
    </Module>
    <Module skippedDueTo="Filter" hash="E6-23-7D-55-8F-C7-0C-D1-D3-E4-72-93-0C-FA-C1-E2-EB-13-8C-B1">
      <ModulePath>C:\Program Files\dotnet\sdk\5.0.301\Microsoft.Build.dll</ModulePath>
      <ModuleTime>2021-05-21T18:15:32Z</ModuleTime>
      <ModuleName>Microsoft.Build</ModuleName>
      <Classes />
    </Module>
    <Module skippedDueTo="Filter" hash="5E-A6-9B-2E-15-3A-C9-7D-33-4B-44-B8-FE-34-13-B4-1D-4E-F6-53">
      <ModulePath>C:\Program Files\dotnet\shared\Microsoft.NETCore.App\5.0.7\Microsoft.Win32.Primitives.dll</ModulePath>
      <ModuleTime>2021-05-05T19:12:04Z</ModuleTime>
      <ModuleName>Microsoft.Win32.Primitives</ModuleName>
      <Classes />
    </Module>
    <Module skippedDueTo="Filter" hash="C8-87-C1-E9-CF-7A-C9-BB-E9-1F-0E-D7-ED-AC-24-84-69-7B-31-AE">
      <ModulePath>C:\Program Files\dotnet\shared\Microsoft.NETCore.App\5.0.7\System.Text.Encoding.CodePages.dll</ModulePath>
      <ModuleTime>2021-05-05T19:12:14Z</ModuleTime>
      <ModuleName>System.Text.Encoding.CodePages</ModuleName>
      <Classes />
    </Module>
    <Module skippedDueTo="Filter" hash="30-EB-33-D1-F5-85-23-F4-BD-77-1F-AA-3E-45-16-24-9B-88-CD-27">
      <ModulePath>C:\Program Files\dotnet\shared\Microsoft.NETCore.App\5.0.7\System.Runtime.Loader.dll</ModulePath>
      <ModuleTime>2021-05-05T19:11:42Z</ModuleTime>
      <ModuleName>System.Runtime.Loader</ModuleName>
      <Classes />
    </Module>
    <Module skippedDueTo="Filter" hash="5D-FE-83-02-F7-5F-85-5D-3A-FF-D6-56-4C-DB-71-79-DB-40-A4-08">
      <ModulePath>C:\Program Files\dotnet\sdk\5.0.301\dotnet.dll</ModulePath>
      <ModuleTime>2021-05-21T18:15:54Z</ModuleTime>
      <ModuleName>dotnet</ModuleName>
      <Classes />
    </Module>
    <Module skippedDueTo="Filter" hash="1A-CC-C7-CF-D3-70-2A-EB-4F-9A-34-42-A8-82-17-6F-DB-68-19-82">
      <ModulePath>C:\Program Files\dotnet\shared\Microsoft.NETCore.App\5.0.7\System.Collections.Immutable.dll</ModulePath>
      <ModuleTime>2021-05-05T19:12:08Z</ModuleTime>
      <ModuleName>System.Collections.Immutable</ModuleName>
      <Classes />
    </Module>
    <Module skippedDueTo="Filter" hash="15-76-ED-EB-CA-10-D8-AE-9F-48-DE-4F-EF-66-06-BE-A6-B9-4B-1C">
      <ModulePath>C:\Program Files\dotnet\sdk\5.0.301\Microsoft.DotNet.Configurer.dll</ModulePath>
      <ModuleTime>2021-05-21T18:15:32Z</ModuleTime>
      <ModuleName>Microsoft.DotNet.Configurer</ModuleName>
      <Classes />
    </Module>
    <Module skippedDueTo="Filter" hash="54-F7-E9-AF-2B-BA-22-89-B1-12-A3-07-BE-B0-DB-AF-E0-61-2B-9A">
      <ModulePath>C:\Program Files\dotnet\sdk\5.0.301\Microsoft.DotNet.InternalAbstractions.dll</ModulePath>
      <ModuleTime>2021-05-21T18:15:32Z</ModuleTime>
      <ModuleName>Microsoft.DotNet.InternalAbstractions</ModuleName>
      <Classes />
    </Module>
    <Module skippedDueTo="Filter" hash="4B-98-0F-BC-19-C8-84-D9-79-F6-4F-4C-1F-9D-54-EB-1F-4B-A5-BF">
      <ModulePath>C:\Program Files\dotnet\sdk\5.0.301\Microsoft.DotNet.Cli.Utils.dll</ModulePath>
      <ModuleTime>2021-05-21T18:15:34Z</ModuleTime>
      <ModuleName>Microsoft.DotNet.Cli.Utils</ModuleName>
      <Classes />
    </Module>
    <Module skippedDueTo="Filter" hash="5D-66-90-DB-CA-70-F8-F6-FE-82-1C-CF-60-2E-E7-1A-AA-58-01-B4">
      <ModulePath>C:\Program Files\dotnet\shared\Microsoft.NETCore.App\5.0.7\System.Text.Encoding.Extensions.dll</ModulePath>
      <ModuleTime>2021-05-05T19:12:18Z</ModuleTime>
      <ModuleName>System.Text.Encoding.Extensions</ModuleName>
      <Classes />
    </Module>
    <Module skippedDueTo="Filter" hash="04-69-D5-3F-CF-EE-06-DA-E4-65-87-CF-8E-26-D4-91-AB-37-B3-24">
      <ModulePath>C:\Program Files\dotnet\sdk\5.0.301\Microsoft.ApplicationInsights.dll</ModulePath>
      <ModuleTime>2021-05-21T18:15:32Z</ModuleTime>
      <ModuleName>Microsoft.ApplicationInsights</ModuleName>
      <Classes />
    </Module>
    <Module skippedDueTo="Filter" hash="E1-1A-30-19-E3-79-66-FE-BD-8F-FD-21-1D-DA-C2-7F-EE-62-7A-E0">
      <ModulePath>C:\Program Files\dotnet\shared\Microsoft.NETCore.App\5.0.7\System.Runtime.CompilerServices.Unsafe.dll</ModulePath>
      <ModuleTime>2021-05-05T19:11:40Z</ModuleTime>
      <ModuleName>System.Runtime.CompilerServices.Unsafe</ModuleName>
      <Classes />
    </Module>
    <Module skippedDueTo="Filter" hash="3C-E3-AE-32-64-69-14-C7-82-E1-E5-4F-0A-F2-1B-83-AA-84-60-33">
      <ModulePath>C:\Program Files\dotnet\shared\Microsoft.NETCore.App\5.0.7\System.Private.Uri.dll</ModulePath>
      <ModuleTime>2021-05-05T19:12:06Z</ModuleTime>
      <ModuleName>System.Private.Uri</ModuleName>
      <Classes />
    </Module>
    <Module skippedDueTo="Filter" hash="55-E0-27-73-F5-83-D5-2A-C1-CE-E0-5A-C8-E3-B2-77-C9-99-46-05">
      <ModulePath>C:\Program Files\dotnet\shared\Microsoft.NETCore.App\5.0.7\System.Reflection.Extensions.dll</ModulePath>
      <ModuleTime>2021-05-05T19:12:08Z</ModuleTime>
      <ModuleName>System.Reflection.Extensions</ModuleName>
      <Classes />
    </Module>
    <Module skippedDueTo="Filter" hash="49-B8-79-E0-BE-7A-8F-B4-2F-1E-63-3E-64-AF-2F-79-E5-02-83-7C">
      <ModulePath>C:\Program Files\dotnet\shared\Microsoft.NETCore.App\5.0.7\System.Reflection.dll</ModulePath>
      <ModuleTime>2021-05-05T19:12:08Z</ModuleTime>
      <ModuleName>System.Reflection</ModuleName>
      <Classes />
    </Module>
    <Module skippedDueTo="Filter" hash="42-19-6F-F6-5D-42-39-5C-4E-A0-45-FF-41-A7-94-78-BA-7A-31-80">
      <ModulePath>C:\Program Files\dotnet\shared\Microsoft.NETCore.App\5.0.7\System.Xml.XDocument.dll</ModulePath>
      <ModuleTime>2021-05-05T19:11:52Z</ModuleTime>
      <ModuleName>System.Xml.XDocument</ModuleName>
      <Classes />
    </Module>
    <Module skippedDueTo="Filter" hash="9A-6E-BF-70-5E-86-D8-E0-8B-B2-A9-74-90-F5-03-7D-28-9E-C4-B6">
      <ModulePath>C:\Program Files\dotnet\shared\Microsoft.NETCore.App\5.0.7\System.Private.Xml.Linq.dll</ModulePath>
      <ModuleTime>2021-05-05T19:11:40Z</ModuleTime>
      <ModuleName>System.Private.Xml.Linq</ModuleName>
      <Classes />
    </Module>
    <Module skippedDueTo="Filter" hash="6B-BD-8D-A4-CB-2A-DA-08-70-9B-77-6A-E7-2B-6B-CD-0D-D4-57-A7">
      <ModulePath>C:\Program Files\dotnet\shared\Microsoft.NETCore.App\5.0.7\System.Threading.Thread.dll</ModulePath>
      <ModuleTime>2021-05-05T19:11:44Z</ModuleTime>
      <ModuleName>System.Threading.Thread</ModuleName>
      <Classes />
    </Module>
    <Module skippedDueTo="Filter" hash="CA-93-9C-9B-94-55-D7-0D-01-9C-13-F3-E2-2A-3C-69-33-AF-09-78">
      <ModulePath>C:\Program Files\dotnet\shared\Microsoft.NETCore.App\5.0.7\System.Private.Xml.dll</ModulePath>
      <ModuleTime>2021-05-05T19:12:06Z</ModuleTime>
      <ModuleName>System.Private.Xml</ModuleName>
      <Classes />
    </Module>
    <Module skippedDueTo="Filter" hash="D2-5D-EB-F3-96-E6-78-0E-50-C8-6D-D9-FF-C5-11-4B-21-69-A9-47">
      <ModulePath>C:\Program Files\dotnet\shared\Microsoft.NETCore.App\5.0.7\System.Xml.ReaderWriter.dll</ModulePath>
      <ModuleTime>2021-05-05T19:11:32Z</ModuleTime>
      <ModuleName>System.Xml.ReaderWriter</ModuleName>
      <Classes />
    </Module>
    <Module skippedDueTo="Filter" hash="9A-45-D4-8D-7B-2E-9D-8D-A4-F5-95-43-4D-F7-26-7A-22-66-E3-32">
      <ModulePath>C:\Program Files\dotnet\shared\Microsoft.NETCore.App\5.0.7\System.Threading.Tasks.dll</ModulePath>
      <ModuleTime>2021-05-05T19:12:58Z</ModuleTime>
      <ModuleName>System.Threading.Tasks</ModuleName>
      <Classes />
    </Module>
    <Module skippedDueTo="Filter" hash="CA-AB-05-50-DE-1D-8C-5F-ED-DE-34-17-DF-34-F1-81-DF-11-A2-E6">
      <ModulePath>C:\Program Files\dotnet\shared\Microsoft.NETCore.App\5.0.7\System.Globalization.dll</ModulePath>
      <ModuleTime>2021-05-05T19:12:08Z</ModuleTime>
      <ModuleName>System.Globalization</ModuleName>
      <Classes />
    </Module>
    <Module skippedDueTo="Filter" hash="A8-50-4E-B9-C8-40-07-8C-51-5F-B3-1E-E0-2C-BE-D6-55-01-5B-DC">
      <ModulePath>C:\Program Files\dotnet\sdk\5.0.301\Microsoft.NET.StringTools.dll</ModulePath>
      <ModuleTime>2021-05-21T18:15:08Z</ModuleTime>
      <ModuleName>Microsoft.NET.StringTools</ModuleName>
      <Classes />
    </Module>
    <Module skippedDueTo="Filter" hash="EB-79-E6-A7-52-29-AD-76-6E-61-AD-0F-DC-B7-CE-4E-8D-10-D6-2B">
      <ModulePath>C:\Program Files\dotnet\shared\Microsoft.NETCore.App\5.0.7\System.Collections.NonGeneric.dll</ModulePath>
      <ModuleTime>2021-05-05T19:12:06Z</ModuleTime>
      <ModuleName>System.Collections.NonGeneric</ModuleName>
      <Classes />
    </Module>
    <Module skippedDueTo="Filter" hash="6E-DD-72-9D-50-DA-F1-FB-4C-45-87-22-42-F0-7D-F4-9B-00-50-53">
      <ModulePath>C:\Program Files\dotnet\shared\Microsoft.NETCore.App\5.0.7\System.Threading.Tasks.Dataflow.dll</ModulePath>
      <ModuleTime>2021-05-05T19:12:18Z</ModuleTime>
      <ModuleName>System.Threading.Tasks.Dataflow</ModuleName>
      <Classes />
    </Module>
    <Module skippedDueTo="Filter" hash="6B-AE-F8-CD-D8-0C-0C-C0-7C-1A-02-58-E9-F1-1B-B4-C2-FC-F3-42">
      <ModulePath>C:\Program Files\dotnet\shared\Microsoft.NETCore.App\5.0.7\System.Security.Cryptography.Algorithms.dll</ModulePath>
      <ModuleTime>2021-05-05T19:12:12Z</ModuleTime>
      <ModuleName>System.Security.Cryptography.Algorithms</ModuleName>
      <Classes />
    </Module>
    <Module skippedDueTo="Filter" hash="D1-2D-D3-73-B0-F3-EE-97-7C-9F-22-88-70-84-92-EC-BA-F6-06-7B">
      <ModulePath>C:\Program Files\dotnet\shared\Microsoft.NETCore.App\5.0.7\System.Security.Cryptography.Primitives.dll</ModulePath>
      <ModuleTime>2021-05-05T19:11:44Z</ModuleTime>
      <ModuleName>System.Security.Cryptography.Primitives</ModuleName>
      <Classes />
    </Module>
    <Module skippedDueTo="Filter" hash="7E-53-66-F9-D8-A4-DE-04-5C-63-61-7E-C4-EC-D2-A5-0E-77-E3-7F">
      <ModulePath>C:\Program Files\dotnet\shared\Microsoft.NETCore.App\5.0.7\Microsoft.Win32.Registry.dll</ModulePath>
      <ModuleTime>2021-05-05T19:11:38Z</ModuleTime>
      <ModuleName>Microsoft.Win32.Registry</ModuleName>
      <Classes />
    </Module>
    <Module skippedDueTo="Filter" hash="37-97-B9-91-04-3C-24-C7-AF-1D-AF-A9-BC-26-FF-F6-6C-62-21-AA">
      <ModulePath>C:\Program Files\dotnet\shared\Microsoft.NETCore.App\5.0.7\System.ObjectModel.dll</ModulePath>
      <ModuleTime>2021-05-05T19:11:38Z</ModuleTime>
      <ModuleName>System.ObjectModel</ModuleName>
      <Classes />
    </Module>
    <Module skippedDueTo="Filter" hash="0D-E3-C9-E0-D1-88-9D-22-B6-38-25-DA-FE-C4-72-2C-27-07-93-03">
      <ModulePath>C:\Program Files\dotnet\shared\Microsoft.NETCore.App\5.0.7\System.Text.Json.dll</ModulePath>
      <ModuleTime>2021-05-05T19:12:16Z</ModuleTime>
      <ModuleName>System.Text.Json</ModuleName>
      <Classes />
    </Module>
    <Module skippedDueTo="Filter" hash="C9-E3-E6-1A-E9-F4-48-31-B2-E9-8F-95-AE-B9-AD-CA-43-9F-F2-7B">
      <ModulePath>C:\Program Files\dotnet\shared\Microsoft.NETCore.App\5.0.7\System.Reflection.Emit.ILGeneration.dll</ModulePath>
      <ModuleTime>2021-05-05T19:12:08Z</ModuleTime>
      <ModuleName>System.Reflection.Emit.ILGeneration</ModuleName>
      <Classes />
    </Module>
    <Module skippedDueTo="Filter" hash="14-86-24-CE-2D-42-5D-2E-D5-44-03-A0-3D-C9-9F-AC-16-9D-95-88">
      <ModulePath>C:\Program Files\dotnet\shared\Microsoft.NETCore.App\5.0.7\System.Reflection.Emit.Lightweight.dll</ModulePath>
      <ModuleTime>2021-05-05T19:12:10Z</ModuleTime>
      <ModuleName>System.Reflection.Emit.Lightweight</ModuleName>
      <Classes />
    </Module>
    <Module skippedDueTo="Filter" hash="B5-15-3C-6B-3F-C4-08-D2-67-6E-92-0E-A4-70-CB-C1-C3-85-C3-D7">
      <ModulePath>C:\Program Files\dotnet\shared\Microsoft.NETCore.App\5.0.7\System.Reflection.Primitives.dll</ModulePath>
      <ModuleTime>2021-05-05T19:11:18Z</ModuleTime>
      <ModuleName>System.Reflection.Primitives</ModuleName>
      <Classes />
    </Module>
    <Module skippedDueTo="Filter" hash="F9-B3-2A-B5-50-3F-77-D9-0B-3E-BB-FF-7B-F1-7C-EF-7D-79-24-25">
      <ModulePath>C:\Program Files\dotnet\shared\Microsoft.NETCore.App\5.0.7\System.Diagnostics.TraceSource.dll</ModulePath>
      <ModuleTime>2021-05-05T19:11:18Z</ModuleTime>
      <ModuleName>System.Diagnostics.TraceSource</ModuleName>
      <Classes />
    </Module>
    <Module skippedDueTo="Filter" hash="55-54-CD-3F-93-93-56-BE-3C-67-B6-73-9B-C9-54-8F-44-8F-41-F6">
      <ModulePath>C:\Program Files\dotnet\shared\Microsoft.NETCore.App\5.0.7\System.Threading.Tasks.Parallel.dll</ModulePath>
      <ModuleTime>2021-05-05T19:11:46Z</ModuleTime>
      <ModuleName>System.Threading.Tasks.Parallel</ModuleName>
      <Classes />
    </Module>
    <Module skippedDueTo="Filter" hash="2E-26-61-0E-63-DD-77-95-1F-F2-44-7C-A1-69-2A-8A-19-BF-94-65">
      <ModulePath>C:\Program Files\dotnet\sdk\5.0.301\Microsoft.Build.Tasks.Core.dll</ModulePath>
      <ModuleTime>2021-05-21T18:15:34Z</ModuleTime>
      <ModuleName>Microsoft.Build.Tasks.Core</ModuleName>
      <Classes />
    </Module>
    <Module skippedDueTo="Filter" hash="F0-7A-F0-C1-C8-9F-E7-FB-3B-27-E8-51-39-5C-28-E9-86-94-0F-DB">
      <ModulePath>C:\Program Files\dotnet\sdk\5.0.301\Microsoft.Build.Utilities.Core.dll</ModulePath>
      <ModuleTime>2021-05-21T18:15:32Z</ModuleTime>
      <ModuleName>Microsoft.Build.Utilities.Core</ModuleName>
      <Classes />
    </Module>
    <Module skippedDueTo="Filter" hash="DA-57-85-D8-79-5C-DF-AE-76-EB-3A-5E-CA-4E-77-0F-EA-6B-DA-C4">
      <ModulePath>C:\Program Files\dotnet\sdk\5.0.301\NuGet.Build.Tasks.dll</ModulePath>
      <ModuleTime>2021-05-21T18:15:48Z</ModuleTime>
      <ModuleName>NuGet.Build.Tasks</ModuleName>
      <Classes />
    </Module>
    <Module skippedDueTo="Filter" hash="9F-AF-6C-2D-B8-12-4F-4E-22-A5-34-05-19-85-86-1D-30-7F-49-58">
      <ModulePath>C:\Program Files\dotnet\sdk\5.0.301\NuGet.Common.dll</ModulePath>
      <ModuleTime>2021-05-21T18:15:48Z</ModuleTime>
      <ModuleName>NuGet.Common</ModuleName>
      <Classes />
    </Module>
    <Module skippedDueTo="Filter" hash="5E-2E-F6-9C-E2-7D-9C-A8-B2-8F-A2-49-8A-8C-52-3D-0D-E9-38-2A">
      <ModulePath>C:\Program Files\dotnet\sdk\5.0.301\NuGet.Commands.dll</ModulePath>
      <ModuleTime>2021-05-21T18:15:50Z</ModuleTime>
      <ModuleName>NuGet.Commands</ModuleName>
      <Classes />
    </Module>
    <Module skippedDueTo="Filter" hash="94-66-AD-9B-97-24-ED-FD-67-91-8D-9E-D8-D3-52-35-51-88-AF-6A">
      <ModulePath>C:\Program Files\dotnet\sdk\5.0.301\NuGet.ProjectModel.dll</ModulePath>
      <ModuleTime>2021-05-21T18:15:26Z</ModuleTime>
      <ModuleName>NuGet.ProjectModel</ModuleName>
      <Classes />
    </Module>
    <Module skippedDueTo="Filter" hash="17-86-44-89-AC-48-1B-9C-53-DE-98-DF-35-8F-D4-CE-D5-23-71-49">
      <ModulePath>C:\Program Files\dotnet\shared\Microsoft.NETCore.App\5.0.7\System.Threading.ThreadPool.dll</ModulePath>
      <ModuleTime>2021-05-05T19:12:18Z</ModuleTime>
      <ModuleName>System.Threading.ThreadPool</ModuleName>
      <Classes />
    </Module>
    <Module skippedDueTo="Filter" hash="E2-59-9F-5C-FB-BC-47-F4-EA-49-F1-76-2A-24-7B-D3-68-06-B9-D1">
      <ModulePath>C:\Program Files\dotnet\shared\Microsoft.NETCore.App\5.0.7\System.Diagnostics.FileVersionInfo.dll</ModulePath>
      <ModuleTime>2021-05-05T19:12:12Z</ModuleTime>
      <ModuleName>System.Diagnostics.FileVersionInfo</ModuleName>
      <Classes />
    </Module>
    <Module skippedDueTo="Filter" hash="08-6B-95-4E-F6-A8-91-88-23-B5-33-2C-F2-DA-6A-81-DF-F8-26-2D">
      <ModulePath>C:\Program Files\dotnet\sdk\5.0.301\Microsoft.Build.NuGetSdkResolver.dll</ModulePath>
      <ModuleTime>2021-05-21T18:15:34Z</ModuleTime>
      <ModuleName>Microsoft.Build.NuGetSdkResolver</ModuleName>
      <Classes />
    </Module>
    <Module skippedDueTo="Filter" hash="D9-81-08-6D-56-11-52-40-57-F5-16-BC-8C-3F-4D-5D-82-71-CD-0A">
      <ModulePath>C:\Program Files\dotnet\sdk\5.0.301\Microsoft.NET.Sdk.WorkloadMSBuildSdkResolver.dll</ModulePath>
      <ModuleTime>2021-05-21T18:16:00Z</ModuleTime>
      <ModuleName>Microsoft.NET.Sdk.WorkloadMSBuildSdkResolver</ModuleName>
      <Classes />
    </Module>
    <Module skippedDueTo="Filter" hash="4B-98-0F-BC-19-C8-84-D9-79-F6-4F-4C-1F-9D-54-EB-1F-4B-A5-BF">
      <ModulePath>C:\Program Files\dotnet\sdk\5.0.301\Microsoft.DotNet.Cli.Utils.dll</ModulePath>
      <ModuleTime>2021-05-21T18:15:34Z</ModuleTime>
      <ModuleName>Microsoft.DotNet.Cli.Utils</ModuleName>
      <Classes />
    </Module>
    <Module skippedDueTo="Filter" hash="32-14-F0-E9-92-80-67-F4-45-F5-5C-EF-E0-08-3B-69-F8-F3-24-40">
      <ModulePath>C:\Program Files\dotnet\shared\Microsoft.NETCore.App\5.0.7\System.IO.Pipes.dll</ModulePath>
      <ModuleTime>2021-05-05T19:12:12Z</ModuleTime>
      <ModuleName>System.IO.Pipes</ModuleName>
      <Classes />
    </Module>
    <Module skippedDueTo="Filter" hash="F7-8C-58-66-46-95-0D-4C-A6-48-67-EA-51-2F-25-4B-C2-55-33-3C">
      <ModulePath>C:\Program Files\dotnet\sdk\5.0.301\Microsoft.NET.Sdk.WorkloadManifestReader.dll</ModulePath>
      <ModuleTime>2021-05-21T18:15:34Z</ModuleTime>
      <ModuleName>Microsoft.NET.Sdk.WorkloadManifestReader</ModuleName>
      <Classes />
    </Module>
    <Module skippedDueTo="Filter" hash="90-BD-2B-EE-35-AD-43-71-82-21-A6-AC-D1-A5-83-E3-C3-50-E7-6C">
      <ModulePath>C:\Program Files\dotnet\shared\Microsoft.NETCore.App\5.0.7\System.ComponentModel.dll</ModulePath>
      <ModuleTime>2021-05-05T19:12:04Z</ModuleTime>
      <ModuleName>System.ComponentModel</ModuleName>
      <Classes />
    </Module>
    <Module skippedDueTo="Filter" hash="4A-02-CF-0D-C3-D1-57-6C-D0-35-82-5F-8B-34-F2-44-D0-02-1A-01">
      <ModulePath>C:\Program Files\dotnet\sdk\5.0.301\NuGet.Frameworks.dll</ModulePath>
      <ModuleTime>2021-05-21T18:15:26Z</ModuleTime>
      <ModuleName>NuGet.Frameworks</ModuleName>
      <Classes />
    </Module>
    <Module skippedDueTo="Filter" hash="DE-D6-EC-B2-0C-B0-2B-41-0A-1B-7A-CB-F2-F0-EB-54-90-C8-94-C6">
      <ModulePath>C:\Program Files\dotnet\shared\Microsoft.NETCore.App\5.0.7\System.Private.CoreLib.dll</ModulePath>
      <ModuleTime>2021-05-05T19:09:02Z</ModuleTime>
      <ModuleName>System.Private.CoreLib</ModuleName>
      <Classes />
    </Module>
    <Module skippedDueTo="Filter" hash="5D-C9-B0-F1-A6-60-E9-0E-3D-43-B7-51-69-4C-6D-6B-C7-F7-05-3E">
      <ModulePath>C:\Program Files\dotnet\sdk\5.0.301\MSBuild.dll</ModulePath>
      <ModuleTime>2021-05-21T18:15:28Z</ModuleTime>
      <ModuleName>MSBuild</ModuleName>
      <Classes />
    </Module>
    <Module skippedDueTo="Filter" hash="CC-AB-9E-7A-0C-43-9E-47-4F-E5-B0-8E-16-56-1F-84-32-9D-6D-69">
      <ModulePath>C:\Program Files\dotnet\shared\Microsoft.NETCore.App\5.0.7\System.Runtime.dll</ModulePath>
      <ModuleTime>2021-05-05T19:11:42Z</ModuleTime>
      <ModuleName>System.Runtime</ModuleName>
      <Classes />
    </Module>
    <Module skippedDueTo="Filter" hash="BF-82-0F-21-F3-78-8E-86-A0-CD-97-CD-B6-8B-FE-7C-89-07-65-36">
      <ModulePath>C:\Program Files\dotnet\shared\Microsoft.NETCore.App\5.0.7\System.Diagnostics.Tracing.dll</ModulePath>
      <ModuleTime>2021-05-05T19:12:12Z</ModuleTime>
      <ModuleName>System.Diagnostics.Tracing</ModuleName>
      <Classes />
    </Module>
    <Module skippedDueTo="Filter" hash="FC-7C-A1-0E-B5-8A-40-4E-45-B8-C0-28-4B-7E-79-4F-BA-60-6C-95">
      <ModulePath>C:\Program Files\dotnet\shared\Microsoft.NETCore.App\5.0.7\System.Threading.dll</ModulePath>
      <ModuleTime>2021-05-05T19:12:16Z</ModuleTime>
      <ModuleName>System.Threading</ModuleName>
      <Classes />
    </Module>
    <Module skippedDueTo="Filter" hash="22-AA-09-A7-7C-C5-C9-92-88-D5-30-D4-DF-DA-97-6B-97-91-EB-64">
      <ModulePath>C:\Program Files\dotnet\sdk\5.0.301\Microsoft.Build.Framework.dll</ModulePath>
      <ModuleTime>2021-05-21T18:15:32Z</ModuleTime>
      <ModuleName>Microsoft.Build.Framework</ModuleName>
      <Classes />
    </Module>
    <Module skippedDueTo="Filter" hash="DA-9B-36-91-15-5D-F5-1F-61-0E-26-E1-7E-D9-D0-09-F4-1E-F2-E4">
      <ModulePath>C:\Program Files\dotnet\shared\Microsoft.NETCore.App\5.0.7\netstandard.dll</ModulePath>
      <ModuleTime>2021-05-05T19:12:04Z</ModuleTime>
      <ModuleName>netstandard</ModuleName>
      <Classes />
    </Module>
    <Module skippedDueTo="Filter" hash="0F-E7-F7-8B-45-15-D0-9C-4A-6D-62-00-EC-7F-98-33-08-DD-29-AF">
      <ModulePath>C:\Program Files\dotnet\shared\Microsoft.NETCore.App\5.0.7\System.IO.FileSystem.dll</ModulePath>
      <ModuleTime>2021-05-05T19:11:42Z</ModuleTime>
      <ModuleName>System.IO.FileSystem</ModuleName>
      <Classes />
    </Module>
    <Module skippedDueTo="Filter" hash="16-41-DA-AF-55-A3-B4-B2-E8-EE-28-45-E0-10-4A-33-46-F1-00-52">
      <ModulePath>C:\Program Files\dotnet\shared\Microsoft.NETCore.App\5.0.7\System.Runtime.InteropServices.RuntimeInformation.dll</ModulePath>
      <ModuleTime>2021-05-05T19:11:42Z</ModuleTime>
      <ModuleName>System.Runtime.InteropServices.RuntimeInformation</ModuleName>
      <Classes />
    </Module>
    <Module skippedDueTo="Filter" hash="35-4B-E7-0A-3B-3D-F2-7A-4F-EE-01-13-E5-09-EA-35-C7-B4-03-DC">
      <ModulePath>C:\Program Files\dotnet\shared\Microsoft.NETCore.App\5.0.7\System.Diagnostics.Process.dll</ModulePath>
      <ModuleTime>2021-05-05T19:12:10Z</ModuleTime>
      <ModuleName>System.Diagnostics.Process</ModuleName>
      <Classes />
    </Module>
    <Module skippedDueTo="Filter" hash="5F-9B-8D-41-6E-9F-4E-0B-34-0A-3C-B6-6C-D7-E5-73-DD-4C-12-75">
      <ModulePath>C:\Program Files\dotnet\shared\Microsoft.NETCore.App\5.0.7\System.ComponentModel.Primitives.dll</ModulePath>
      <ModuleTime>2021-05-05T19:11:18Z</ModuleTime>
      <ModuleName>System.ComponentModel.Primitives</ModuleName>
      <Classes />
    </Module>
    <Module skippedDueTo="Filter" hash="58-F8-F9-06-BE-29-DF-B4-D9-EB-CD-73-0E-B4-0C-14-FF-35-DC-E1">
      <ModulePath>C:\Program Files\dotnet\shared\Microsoft.NETCore.App\5.0.7\System.Linq.dll</ModulePath>
      <ModuleTime>2021-05-05T19:11:42Z</ModuleTime>
      <ModuleName>System.Linq</ModuleName>
      <Classes />
    </Module>
    <Module skippedDueTo="Filter" hash="07-BB-3A-EE-FF-E3-14-FE-C4-37-6C-0F-2B-76-FE-ED-75-DA-92-30">
      <ModulePath>C:\Program Files\dotnet\shared\Microsoft.NETCore.App\5.0.7\System.Text.RegularExpressions.dll</ModulePath>
      <ModuleTime>2021-05-05T19:12:16Z</ModuleTime>
      <ModuleName>System.Text.RegularExpressions</ModuleName>
      <Classes />
    </Module>
    <Module skippedDueTo="Filter" hash="52-03-4B-3F-F2-CB-EA-33-AF-7B-16-32-58-E6-BC-28-0E-9D-3F-9D">
      <ModulePath>C:\Program Files\dotnet\shared\Microsoft.NETCore.App\5.0.7\System.Collections.Concurrent.dll</ModulePath>
      <ModuleTime>2021-05-05T19:12:06Z</ModuleTime>
      <ModuleName>System.Collections.Concurrent</ModuleName>
      <Classes />
    </Module>
    <Module skippedDueTo="Filter" hash="DC-94-46-39-CC-51-79-7D-06-F7-75-F3-5B-CA-32-A4-94-48-D3-F5">
      <ModulePath>C:\Program Files\dotnet\shared\Microsoft.NETCore.App\5.0.7\System.Collections.dll</ModulePath>
      <ModuleTime>2021-05-05T19:11:38Z</ModuleTime>
      <ModuleName>System.Collections</ModuleName>
      <Classes />
    </Module>
    <Module skippedDueTo="Filter" hash="8D-24-8E-7D-57-13-9A-02-94-E6-9F-53-3E-EA-30-24-7E-B3-D4-72">
      <ModulePath>C:\Program Files\dotnet\shared\Microsoft.NETCore.App\5.0.7\System.Memory.dll</ModulePath>
      <ModuleTime>2021-05-05T19:11:42Z</ModuleTime>
      <ModuleName>System.Memory</ModuleName>
      <Classes />
    </Module>
    <Module skippedDueTo="Filter" hash="BB-C4-8B-B7-B7-1C-3D-3A-43-E0-5F-8F-22-35-97-68-9B-AD-BF-91">
      <ModulePath>C:\Program Files\dotnet\shared\Microsoft.NETCore.App\5.0.7\System.Runtime.InteropServices.dll</ModulePath>
      <ModuleTime>2021-05-05T19:12:10Z</ModuleTime>
      <ModuleName>System.Runtime.InteropServices</ModuleName>
      <Classes />
    </Module>
    <Module skippedDueTo="Filter" hash="9A-C5-DC-4E-83-CF-0C-B0-E8-07-CD-C4-90-9F-E2-68-D2-1C-21-36">
      <ModulePath>C:\Program Files\dotnet\shared\Microsoft.NETCore.App\5.0.7\System.Console.dll</ModulePath>
      <ModuleTime>2021-05-05T19:13:00Z</ModuleTime>
      <ModuleName>System.Console</ModuleName>
      <Classes />
    </Module>
    <Module skippedDueTo="Filter" hash="E6-23-7D-55-8F-C7-0C-D1-D3-E4-72-93-0C-FA-C1-E2-EB-13-8C-B1">
      <ModulePath>C:\Program Files\dotnet\sdk\5.0.301\Microsoft.Build.dll</ModulePath>
      <ModuleTime>2021-05-21T18:15:32Z</ModuleTime>
      <ModuleName>Microsoft.Build</ModuleName>
      <Classes />
    </Module>
    <Module skippedDueTo="Filter" hash="5E-A6-9B-2E-15-3A-C9-7D-33-4B-44-B8-FE-34-13-B4-1D-4E-F6-53">
      <ModulePath>C:\Program Files\dotnet\shared\Microsoft.NETCore.App\5.0.7\Microsoft.Win32.Primitives.dll</ModulePath>
      <ModuleTime>2021-05-05T19:12:04Z</ModuleTime>
      <ModuleName>Microsoft.Win32.Primitives</ModuleName>
      <Classes />
    </Module>
    <Module skippedDueTo="Filter" hash="C8-87-C1-E9-CF-7A-C9-BB-E9-1F-0E-D7-ED-AC-24-84-69-7B-31-AE">
      <ModulePath>C:\Program Files\dotnet\shared\Microsoft.NETCore.App\5.0.7\System.Text.Encoding.CodePages.dll</ModulePath>
      <ModuleTime>2021-05-05T19:12:14Z</ModuleTime>
      <ModuleName>System.Text.Encoding.CodePages</ModuleName>
      <Classes />
    </Module>
    <Module skippedDueTo="Filter" hash="32-14-F0-E9-92-80-67-F4-45-F5-5C-EF-E0-08-3B-69-F8-F3-24-40">
      <ModulePath>C:\Program Files\dotnet\shared\Microsoft.NETCore.App\5.0.7\System.IO.Pipes.dll</ModulePath>
      <ModuleTime>2021-05-05T19:12:12Z</ModuleTime>
      <ModuleName>System.IO.Pipes</ModuleName>
      <Classes />
    </Module>
    <Module skippedDueTo="Filter" hash="81-27-AF-33-DB-46-69-87-48-29-92-DC-FC-75-B6-38-9A-4A-21-CB">
      <ModulePath>C:\Program Files\dotnet\shared\Microsoft.NETCore.App\5.0.7\System.Security.AccessControl.dll</ModulePath>
      <ModuleTime>2021-05-05T19:12:12Z</ModuleTime>
      <ModuleName>System.Security.AccessControl</ModuleName>
      <Classes />
    </Module>
    <Module skippedDueTo="Filter" hash="70-E0-91-A4-8A-91-56-48-E1-6B-78-D2-66-41-25-C9-F8-1D-B6-BD">
      <ModulePath>C:\Program Files\dotnet\shared\Microsoft.NETCore.App\5.0.7\System.Security.Principal.Windows.dll</ModulePath>
      <ModuleTime>2021-05-05T19:12:14Z</ModuleTime>
      <ModuleName>System.Security.Principal.Windows</ModuleName>
      <Classes />
    </Module>
    <Module skippedDueTo="Filter" hash="E3-8F-FA-4F-DC-6C-F9-5F-5E-30-A2-CB-E4-94-2B-75-C4-8E-A5-24">
      <ModulePath>C:\Program Files\dotnet\shared\Microsoft.NETCore.App\5.0.7\System.Security.Claims.dll</ModulePath>
      <ModuleTime>2021-05-05T19:11:18Z</ModuleTime>
      <ModuleName>System.Security.Claims</ModuleName>
      <Classes />
    </Module>
    <Module skippedDueTo="Filter" hash="F1-66-5C-DB-97-56-D4-25-EF-BE-61-F1-D9-9A-2D-5B-DB-B8-2A-8C">
      <ModulePath>C:\Program Files\dotnet\shared\Microsoft.NETCore.App\5.0.7\System.Threading.Overlapped.dll</ModulePath>
      <ModuleTime>2021-05-05T19:11:18Z</ModuleTime>
      <ModuleName>System.Threading.Overlapped</ModuleName>
      <Classes />
    </Module>
    <Module skippedDueTo="Filter" hash="F1-66-5C-DB-97-56-D4-25-EF-BE-61-F1-D9-9A-2D-5B-DB-B8-2A-8C">
      <ModulePath>C:\Program Files\dotnet\shared\Microsoft.NETCore.App\5.0.7\System.Threading.Overlapped.dll</ModulePath>
      <ModuleTime>2021-05-05T19:11:18Z</ModuleTime>
      <ModuleName>System.Threading.Overlapped</ModuleName>
      <Classes />
    </Module>
    <Module skippedDueTo="Filter" hash="6B-BD-8D-A4-CB-2A-DA-08-70-9B-77-6A-E7-2B-6B-CD-0D-D4-57-A7">
      <ModulePath>C:\Program Files\dotnet\shared\Microsoft.NETCore.App\5.0.7\System.Threading.Thread.dll</ModulePath>
      <ModuleTime>2021-05-05T19:11:44Z</ModuleTime>
      <ModuleName>System.Threading.Thread</ModuleName>
      <Classes />
    </Module>
    <Module skippedDueTo="Filter" hash="81-27-AF-33-DB-46-69-87-48-29-92-DC-FC-75-B6-38-9A-4A-21-CB">
      <ModulePath>C:\Program Files\dotnet\shared\Microsoft.NETCore.App\5.0.7\System.Security.AccessControl.dll</ModulePath>
      <ModuleTime>2021-05-05T19:12:12Z</ModuleTime>
      <ModuleName>System.Security.AccessControl</ModuleName>
      <Classes />
    </Module>
    <Module skippedDueTo="Filter" hash="70-E0-91-A4-8A-91-56-48-E1-6B-78-D2-66-41-25-C9-F8-1D-B6-BD">
      <ModulePath>C:\Program Files\dotnet\shared\Microsoft.NETCore.App\5.0.7\System.Security.Principal.Windows.dll</ModulePath>
      <ModuleTime>2021-05-05T19:12:14Z</ModuleTime>
      <ModuleName>System.Security.Principal.Windows</ModuleName>
      <Classes />
    </Module>
    <Module skippedDueTo="Filter" hash="E3-8F-FA-4F-DC-6C-F9-5F-5E-30-A2-CB-E4-94-2B-75-C4-8E-A5-24">
      <ModulePath>C:\Program Files\dotnet\shared\Microsoft.NETCore.App\5.0.7\System.Security.Claims.dll</ModulePath>
      <ModuleTime>2021-05-05T19:11:18Z</ModuleTime>
      <ModuleName>System.Security.Claims</ModuleName>
      <Classes />
    </Module>
    <Module skippedDueTo="Filter" hash="E2-59-9F-5C-FB-BC-47-F4-EA-49-F1-76-2A-24-7B-D3-68-06-B9-D1">
      <ModulePath>C:\Program Files\dotnet\shared\Microsoft.NETCore.App\5.0.7\System.Diagnostics.FileVersionInfo.dll</ModulePath>
      <ModuleTime>2021-05-05T19:12:12Z</ModuleTime>
      <ModuleName>System.Diagnostics.FileVersionInfo</ModuleName>
      <Classes />
    </Module>
    <Module skippedDueTo="Filter" hash="A8-50-4E-B9-C8-40-07-8C-51-5F-B3-1E-E0-2C-BE-D6-55-01-5B-DC">
      <ModulePath>C:\Program Files\dotnet\sdk\5.0.301\Microsoft.NET.StringTools.dll</ModulePath>
      <ModuleTime>2021-05-21T18:15:08Z</ModuleTime>
      <ModuleName>Microsoft.NET.StringTools</ModuleName>
      <Classes />
    </Module>
    <Module skippedDueTo="Filter" hash="E1-1A-30-19-E3-79-66-FE-BD-8F-FD-21-1D-DA-C2-7F-EE-62-7A-E0">
      <ModulePath>C:\Program Files\dotnet\shared\Microsoft.NETCore.App\5.0.7\System.Runtime.CompilerServices.Unsafe.dll</ModulePath>
      <ModuleTime>2021-05-05T19:11:40Z</ModuleTime>
      <ModuleName>System.Runtime.CompilerServices.Unsafe</ModuleName>
      <Classes />
    </Module>
    <Module skippedDueTo="Filter" hash="37-97-B9-91-04-3C-24-C7-AF-1D-AF-A9-BC-26-FF-F6-6C-62-21-AA">
      <ModulePath>C:\Program Files\dotnet\shared\Microsoft.NETCore.App\5.0.7\System.ObjectModel.dll</ModulePath>
      <ModuleTime>2021-05-05T19:11:38Z</ModuleTime>
      <ModuleName>System.ObjectModel</ModuleName>
      <Classes />
    </Module>
    <Module skippedDueTo="Filter" hash="6E-DD-72-9D-50-DA-F1-FB-4C-45-87-22-42-F0-7D-F4-9B-00-50-53">
      <ModulePath>C:\Program Files\dotnet\shared\Microsoft.NETCore.App\5.0.7\System.Threading.Tasks.Dataflow.dll</ModulePath>
      <ModuleTime>2021-05-05T19:12:18Z</ModuleTime>
      <ModuleName>System.Threading.Tasks.Dataflow</ModuleName>
      <Classes />
    </Module>
    <Module skippedDueTo="Filter" hash="30-EB-33-D1-F5-85-23-F4-BD-77-1F-AA-3E-45-16-24-9B-88-CD-27">
      <ModulePath>C:\Program Files\dotnet\shared\Microsoft.NETCore.App\5.0.7\System.Runtime.Loader.dll</ModulePath>
      <ModuleTime>2021-05-05T19:11:42Z</ModuleTime>
      <ModuleName>System.Runtime.Loader</ModuleName>
      <Classes />
    </Module>
    <Module skippedDueTo="Filter" hash="5D-FE-83-02-F7-5F-85-5D-3A-FF-D6-56-4C-DB-71-79-DB-40-A4-08">
      <ModulePath>C:\Program Files\dotnet\sdk\5.0.301\dotnet.dll</ModulePath>
      <ModuleTime>2021-05-21T18:15:54Z</ModuleTime>
      <ModuleName>dotnet</ModuleName>
      <Classes />
    </Module>
    <Module skippedDueTo="Filter" hash="1A-CC-C7-CF-D3-70-2A-EB-4F-9A-34-42-A8-82-17-6F-DB-68-19-82">
      <ModulePath>C:\Program Files\dotnet\shared\Microsoft.NETCore.App\5.0.7\System.Collections.Immutable.dll</ModulePath>
      <ModuleTime>2021-05-05T19:12:08Z</ModuleTime>
      <ModuleName>System.Collections.Immutable</ModuleName>
      <Classes />
    </Module>
    <Module skippedDueTo="Filter" hash="15-76-ED-EB-CA-10-D8-AE-9F-48-DE-4F-EF-66-06-BE-A6-B9-4B-1C">
      <ModulePath>C:\Program Files\dotnet\sdk\5.0.301\Microsoft.DotNet.Configurer.dll</ModulePath>
      <ModuleTime>2021-05-21T18:15:32Z</ModuleTime>
      <ModuleName>Microsoft.DotNet.Configurer</ModuleName>
      <Classes />
    </Module>
    <Module skippedDueTo="Filter" hash="D2-5D-EB-F3-96-E6-78-0E-50-C8-6D-D9-FF-C5-11-4B-21-69-A9-47">
      <ModulePath>C:\Program Files\dotnet\shared\Microsoft.NETCore.App\5.0.7\System.Xml.ReaderWriter.dll</ModulePath>
      <ModuleTime>2021-05-05T19:11:32Z</ModuleTime>
      <ModuleName>System.Xml.ReaderWriter</ModuleName>
      <Classes />
    </Module>
    <Module skippedDueTo="Filter" hash="CA-93-9C-9B-94-55-D7-0D-01-9C-13-F3-E2-2A-3C-69-33-AF-09-78">
      <ModulePath>C:\Program Files\dotnet\shared\Microsoft.NETCore.App\5.0.7\System.Private.Xml.dll</ModulePath>
      <ModuleTime>2021-05-05T19:12:06Z</ModuleTime>
      <ModuleName>System.Private.Xml</ModuleName>
      <Classes />
    </Module>
    <Module skippedDueTo="Filter" hash="6B-AE-F8-CD-D8-0C-0C-C0-7C-1A-02-58-E9-F1-1B-B4-C2-FC-F3-42">
      <ModulePath>C:\Program Files\dotnet\shared\Microsoft.NETCore.App\5.0.7\System.Security.Cryptography.Algorithms.dll</ModulePath>
      <ModuleTime>2021-05-05T19:12:12Z</ModuleTime>
      <ModuleName>System.Security.Cryptography.Algorithms</ModuleName>
      <Classes />
    </Module>
    <Module skippedDueTo="Filter" hash="5D-66-90-DB-CA-70-F8-F6-FE-82-1C-CF-60-2E-E7-1A-AA-58-01-B4">
      <ModulePath>C:\Program Files\dotnet\shared\Microsoft.NETCore.App\5.0.7\System.Text.Encoding.Extensions.dll</ModulePath>
      <ModuleTime>2021-05-05T19:12:18Z</ModuleTime>
      <ModuleName>System.Text.Encoding.Extensions</ModuleName>
      <Classes />
    </Module>
    <Module skippedDueTo="Filter" hash="3C-E3-AE-32-64-69-14-C7-82-E1-E5-4F-0A-F2-1B-83-AA-84-60-33">
      <ModulePath>C:\Program Files\dotnet\shared\Microsoft.NETCore.App\5.0.7\System.Private.Uri.dll</ModulePath>
      <ModuleTime>2021-05-05T19:12:06Z</ModuleTime>
      <ModuleName>System.Private.Uri</ModuleName>
      <Classes />
    </Module>
    <Module skippedDueTo="Filter" hash="7E-53-66-F9-D8-A4-DE-04-5C-63-61-7E-C4-EC-D2-A5-0E-77-E3-7F">
      <ModulePath>C:\Program Files\dotnet\shared\Microsoft.NETCore.App\5.0.7\Microsoft.Win32.Registry.dll</ModulePath>
      <ModuleTime>2021-05-05T19:11:38Z</ModuleTime>
      <ModuleName>Microsoft.Win32.Registry</ModuleName>
      <Classes />
    </Module>
    <Module skippedDueTo="Filter" hash="F9-B3-2A-B5-50-3F-77-D9-0B-3E-BB-FF-7B-F1-7C-EF-7D-79-24-25">
      <ModulePath>C:\Program Files\dotnet\shared\Microsoft.NETCore.App\5.0.7\System.Diagnostics.TraceSource.dll</ModulePath>
      <ModuleTime>2021-05-05T19:11:18Z</ModuleTime>
      <ModuleName>System.Diagnostics.TraceSource</ModuleName>
      <Classes />
    </Module>
    <Module skippedDueTo="Filter" hash="55-54-CD-3F-93-93-56-BE-3C-67-B6-73-9B-C9-54-8F-44-8F-41-F6">
      <ModulePath>C:\Program Files\dotnet\shared\Microsoft.NETCore.App\5.0.7\System.Threading.Tasks.Parallel.dll</ModulePath>
      <ModuleTime>2021-05-05T19:11:46Z</ModuleTime>
      <ModuleName>System.Threading.Tasks.Parallel</ModuleName>
      <Classes />
    </Module>
    <Module skippedDueTo="Filter" hash="4A-02-CF-0D-C3-D1-57-6C-D0-35-82-5F-8B-34-F2-44-D0-02-1A-01">
      <ModulePath>C:\Program Files\dotnet\sdk\5.0.301\NuGet.Frameworks.dll</ModulePath>
      <ModuleTime>2021-05-21T18:15:26Z</ModuleTime>
      <ModuleName>NuGet.Frameworks</ModuleName>
      <Classes />
    </Module>
    <Module skippedDueTo="Filter" hash="F0-7A-F0-C1-C8-9F-E7-FB-3B-27-E8-51-39-5C-28-E9-86-94-0F-DB">
      <ModulePath>C:\Program Files\dotnet\sdk\5.0.301\Microsoft.Build.Utilities.Core.dll</ModulePath>
      <ModuleTime>2021-05-21T18:15:32Z</ModuleTime>
      <ModuleName>Microsoft.Build.Utilities.Core</ModuleName>
      <Classes />
    </Module>
    <Module skippedDueTo="Filter" hash="C9-E3-E6-1A-E9-F4-48-31-B2-E9-8F-95-AE-B9-AD-CA-43-9F-F2-7B">
      <ModulePath>C:\Program Files\dotnet\shared\Microsoft.NETCore.App\5.0.7\System.Reflection.Emit.ILGeneration.dll</ModulePath>
      <ModuleTime>2021-05-05T19:12:08Z</ModuleTime>
      <ModuleName>System.Reflection.Emit.ILGeneration</ModuleName>
      <Classes />
    </Module>
    <Module skippedDueTo="Filter" hash="14-86-24-CE-2D-42-5D-2E-D5-44-03-A0-3D-C9-9F-AC-16-9D-95-88">
      <ModulePath>C:\Program Files\dotnet\shared\Microsoft.NETCore.App\5.0.7\System.Reflection.Emit.Lightweight.dll</ModulePath>
      <ModuleTime>2021-05-05T19:12:10Z</ModuleTime>
      <ModuleName>System.Reflection.Emit.Lightweight</ModuleName>
      <Classes />
    </Module>
    <Module skippedDueTo="Filter" hash="B5-15-3C-6B-3F-C4-08-D2-67-6E-92-0E-A4-70-CB-C1-C3-85-C3-D7">
      <ModulePath>C:\Program Files\dotnet\shared\Microsoft.NETCore.App\5.0.7\System.Reflection.Primitives.dll</ModulePath>
      <ModuleTime>2021-05-05T19:11:18Z</ModuleTime>
      <ModuleName>System.Reflection.Primitives</ModuleName>
      <Classes />
    </Module>
    <Module skippedDueTo="Filter" hash="CD-73-4E-AF-A3-5C-8A-2D-0B-19-46-21-CD-A9-8A-B1-87-67-7C-55">
      <ModulePath>C:\Program Files\dotnet\shared\Microsoft.NETCore.App\5.0.7\System.Runtime.Serialization.Formatters.dll</ModulePath>
      <ModuleTime>2021-05-05T19:11:44Z</ModuleTime>
      <ModuleName>System.Runtime.Serialization.Formatters</ModuleName>
      <Classes />
    </Module>
    <Module skippedDueTo="Filter" hash="CD-73-4E-AF-A3-5C-8A-2D-0B-19-46-21-CD-A9-8A-B1-87-67-7C-55">
      <ModulePath>C:\Program Files\dotnet\shared\Microsoft.NETCore.App\5.0.7\System.Runtime.Serialization.Formatters.dll</ModulePath>
      <ModuleTime>2021-05-05T19:11:44Z</ModuleTime>
      <ModuleName>System.Runtime.Serialization.Formatters</ModuleName>
      <Classes />
    </Module>
    <Module skippedDueTo="Filter" hash="2E-26-61-0E-63-DD-77-95-1F-F2-44-7C-A1-69-2A-8A-19-BF-94-65">
      <ModulePath>C:\Program Files\dotnet\sdk\5.0.301\Microsoft.Build.Tasks.Core.dll</ModulePath>
      <ModuleTime>2021-05-21T18:15:34Z</ModuleTime>
      <ModuleName>Microsoft.Build.Tasks.Core</ModuleName>
      <Classes />
    </Module>
    <Module skippedDueTo="Filter" hash="17-86-44-89-AC-48-1B-9C-53-DE-98-DF-35-8F-D4-CE-D5-23-71-49">
      <ModulePath>C:\Program Files\dotnet\shared\Microsoft.NETCore.App\5.0.7\System.Threading.ThreadPool.dll</ModulePath>
      <ModuleTime>2021-05-05T19:12:18Z</ModuleTime>
      <ModuleName>System.Threading.ThreadPool</ModuleName>
      <Classes />
    </Module>
    <Module skippedDueTo="Filter" hash="DB-B0-FC-55-32-9C-66-F8-FE-92-ED-85-87-87-CF-46-50-13-FA-13">
      <ModulePath>C:\Program Files\dotnet\sdk\5.0.301\Sdks\Microsoft.NET.Sdk\tools\net5.0\Microsoft.NET.Build.Tasks.dll</ModulePath>
      <ModuleTime>2021-05-21T18:15:20Z</ModuleTime>
      <ModuleName>Microsoft.NET.Build.Tasks</ModuleName>
      <Classes />
    </Module>
    <Module skippedDueTo="Filter" hash="DB-B0-FC-55-32-9C-66-F8-FE-92-ED-85-87-87-CF-46-50-13-FA-13">
      <ModulePath>C:\Program Files\dotnet\sdk\5.0.301\Sdks\Microsoft.NET.Sdk\tools\net5.0\Microsoft.NET.Build.Tasks.dll</ModulePath>
      <ModuleTime>2021-05-21T18:15:20Z</ModuleTime>
      <ModuleName>Microsoft.NET.Build.Tasks</ModuleName>
      <Classes />
    </Module>
    <Module skippedDueTo="Filter" hash="F1-34-BB-03-29-A2-48-89-2E-06-67-7B-88-F1-E1-3F-AE-FC-96-27">
      <ModulePath>C:\Program Files\dotnet\sdk\5.0.301\NuGet.Configuration.dll</ModulePath>
      <ModuleTime>2021-05-21T18:15:26Z</ModuleTime>
      <ModuleName>NuGet.Configuration</ModuleName>
      <Classes />
    </Module>
    <Module skippedDueTo="Filter" hash="4A-02-CF-0D-C3-D1-57-6C-D0-35-82-5F-8B-34-F2-44-D0-02-1A-01">
      <ModulePath>C:\Program Files\dotnet\sdk\5.0.301\NuGet.Frameworks.dll</ModulePath>
      <ModuleTime>2021-05-21T18:15:26Z</ModuleTime>
      <ModuleName>NuGet.Frameworks</ModuleName>
      <Classes />
    </Module>
    <Module skippedDueTo="Filter" hash="4A-FC-45-55-E5-6C-A0-19-8F-A6-0B-4F-9E-6F-3D-0D-ED-B8-CE-D1">
      <ModulePath>C:\Program Files\dotnet\shared\Microsoft.NETCore.App\5.0.7\System.Net.Primitives.dll</ModulePath>
      <ModuleTime>2021-05-05T19:12:16Z</ModuleTime>
      <ModuleName>System.Net.Primitives</ModuleName>
      <Classes />
    </Module>
    <Module skippedDueTo="Filter" hash="6F-03-9D-8C-BB-98-96-4C-B4-49-89-99-9F-05-D1-25-8F-BD-CE-AB">
      <ModulePath>C:\Program Files\dotnet\shared\Microsoft.NETCore.App\5.0.7\System.Security.Cryptography.X509Certificates.dll</ModulePath>
      <ModuleTime>2021-05-05T19:12:12Z</ModuleTime>
      <ModuleName>System.Security.Cryptography.X509Certificates</ModuleName>
      <Classes />
    </Module>
    <Module skippedDueTo="Filter" hash="DA-57-85-D8-79-5C-DF-AE-76-EB-3A-5E-CA-4E-77-0F-EA-6B-DA-C4">
      <ModulePath>C:\Program Files\dotnet\sdk\5.0.301\NuGet.Build.Tasks.dll</ModulePath>
      <ModuleTime>2021-05-21T18:15:48Z</ModuleTime>
      <ModuleName>NuGet.Build.Tasks</ModuleName>
      <Classes />
    </Module>
    <Module skippedDueTo="Filter" hash="9F-AF-6C-2D-B8-12-4F-4E-22-A5-34-05-19-85-86-1D-30-7F-49-58">
      <ModulePath>C:\Program Files\dotnet\sdk\5.0.301\NuGet.Common.dll</ModulePath>
      <ModuleTime>2021-05-21T18:15:48Z</ModuleTime>
      <ModuleName>NuGet.Common</ModuleName>
      <Classes />
    </Module>
    <Module skippedDueTo="Filter" hash="5E-2E-F6-9C-E2-7D-9C-A8-B2-8F-A2-49-8A-8C-52-3D-0D-E9-38-2A">
      <ModulePath>C:\Program Files\dotnet\sdk\5.0.301\NuGet.Commands.dll</ModulePath>
      <ModuleTime>2021-05-21T18:15:50Z</ModuleTime>
      <ModuleName>NuGet.Commands</ModuleName>
      <Classes />
    </Module>
    <Module skippedDueTo="Filter" hash="6C-29-06-EC-E0-FE-B2-C0-B5-21-95-AF-16-52-96-E6-57-7B-6D-0F">
      <ModulePath>C:\Program Files\dotnet\sdk\5.0.301\NuGet.Versioning.dll</ModulePath>
      <ModuleTime>2021-05-21T18:15:26Z</ModuleTime>
      <ModuleName>NuGet.Versioning</ModuleName>
      <Classes />
    </Module>
    <Module skippedDueTo="Filter" hash="94-66-AD-9B-97-24-ED-FD-67-91-8D-9E-D8-D3-52-35-51-88-AF-6A">
      <ModulePath>C:\Program Files\dotnet\sdk\5.0.301\NuGet.ProjectModel.dll</ModulePath>
      <ModuleTime>2021-05-21T18:15:26Z</ModuleTime>
      <ModuleName>NuGet.ProjectModel</ModuleName>
      <Classes />
    </Module>
    <Module skippedDueTo="Filter" hash="EB-79-E6-A7-52-29-AD-76-6E-61-AD-0F-DC-B7-CE-4E-8D-10-D6-2B">
      <ModulePath>C:\Program Files\dotnet\shared\Microsoft.NETCore.App\5.0.7\System.Collections.NonGeneric.dll</ModulePath>
      <ModuleTime>2021-05-05T19:12:06Z</ModuleTime>
      <ModuleName>System.Collections.NonGeneric</ModuleName>
      <Classes />
    </Module>
    <Module skippedDueTo="Filter" hash="F1-34-BB-03-29-A2-48-89-2E-06-67-7B-88-F1-E1-3F-AE-FC-96-27">
      <ModulePath>C:\Program Files\dotnet\sdk\5.0.301\NuGet.Configuration.dll</ModulePath>
      <ModuleTime>2021-05-21T18:15:26Z</ModuleTime>
      <ModuleName>NuGet.Configuration</ModuleName>
      <Classes />
    </Module>
    <Module skippedDueTo="Filter" hash="42-19-6F-F6-5D-42-39-5C-4E-A0-45-FF-41-A7-94-78-BA-7A-31-80">
      <ModulePath>C:\Program Files\dotnet\shared\Microsoft.NETCore.App\5.0.7\System.Xml.XDocument.dll</ModulePath>
      <ModuleTime>2021-05-05T19:11:52Z</ModuleTime>
      <ModuleName>System.Xml.XDocument</ModuleName>
      <Classes />
    </Module>
    <Module skippedDueTo="Filter" hash="9A-6E-BF-70-5E-86-D8-E0-8B-B2-A9-74-90-F5-03-7D-28-9E-C4-B6">
      <ModulePath>C:\Program Files\dotnet\shared\Microsoft.NETCore.App\5.0.7\System.Private.Xml.Linq.dll</ModulePath>
      <ModuleTime>2021-05-05T19:11:40Z</ModuleTime>
      <ModuleName>System.Private.Xml.Linq</ModuleName>
      <Classes />
    </Module>
    <Module skippedDueTo="Filter" hash="D1-2D-D3-73-B0-F3-EE-97-7C-9F-22-88-70-84-92-EC-BA-F6-06-7B">
      <ModulePath>C:\Program Files\dotnet\shared\Microsoft.NETCore.App\5.0.7\System.Security.Cryptography.Primitives.dll</ModulePath>
      <ModuleTime>2021-05-05T19:11:44Z</ModuleTime>
      <ModuleName>System.Security.Cryptography.Primitives</ModuleName>
      <Classes />
    </Module>
    <Module skippedDueTo="Filter" hash="4A-FC-45-55-E5-6C-A0-19-8F-A6-0B-4F-9E-6F-3D-0D-ED-B8-CE-D1">
      <ModulePath>C:\Program Files\dotnet\shared\Microsoft.NETCore.App\5.0.7\System.Net.Primitives.dll</ModulePath>
      <ModuleTime>2021-05-05T19:12:16Z</ModuleTime>
      <ModuleName>System.Net.Primitives</ModuleName>
      <Classes />
    </Module>
    <Module skippedDueTo="Filter" hash="6F-03-9D-8C-BB-98-96-4C-B4-49-89-99-9F-05-D1-25-8F-BD-CE-AB">
      <ModulePath>C:\Program Files\dotnet\shared\Microsoft.NETCore.App\5.0.7\System.Security.Cryptography.X509Certificates.dll</ModulePath>
      <ModuleTime>2021-05-05T19:12:12Z</ModuleTime>
      <ModuleName>System.Security.Cryptography.X509Certificates</ModuleName>
      <Classes />
    </Module>
    <Module skippedDueTo="Filter" hash="6C-29-06-EC-E0-FE-B2-C0-B5-21-95-AF-16-52-96-E6-57-7B-6D-0F">
      <ModulePath>C:\Program Files\dotnet\sdk\5.0.301\NuGet.Versioning.dll</ModulePath>
      <ModuleTime>2021-05-21T18:15:26Z</ModuleTime>
      <ModuleName>NuGet.Versioning</ModuleName>
      <Classes />
    </Module>
    <Module skippedDueTo="Filter" hash="4A-02-CF-0D-C3-D1-57-6C-D0-35-82-5F-8B-34-F2-44-D0-02-1A-01">
      <ModulePath>C:\Program Files\dotnet\sdk\5.0.301\NuGet.Frameworks.dll</ModulePath>
      <ModuleTime>2021-05-21T18:15:26Z</ModuleTime>
      <ModuleName>NuGet.Frameworks</ModuleName>
      <Classes />
    </Module>
    <Module skippedDueTo="Filter" hash="4A-02-CF-0D-C3-D1-57-6C-D0-35-82-5F-8B-34-F2-44-D0-02-1A-01">
      <ModulePath>C:\Program Files\dotnet\sdk\5.0.301\NuGet.Frameworks.dll</ModulePath>
      <ModuleTime>2021-05-21T18:15:26Z</ModuleTime>
      <ModuleName>NuGet.Frameworks</ModuleName>
      <Classes />
    </Module>
    <Module skippedDueTo="Filter" hash="4C-B1-40-B8-F1-6F-B6-92-72-F2-6B-A4-D4-39-96-B8-AA-A8-F9-19">
      <ModulePath>C:\Program Files\dotnet\sdk\5.0.301\Newtonsoft.Json.dll</ModulePath>
      <ModuleTime>2021-05-21T18:16:00Z</ModuleTime>
      <ModuleName>Newtonsoft.Json</ModuleName>
      <Classes />
    </Module>
    <Module skippedDueTo="Filter" hash="8B-E3-10-44-F1-C4-D3-35-96-8F-0A-98-02-46-77-C0-63-6D-F7-89">
      <ModulePath>C:\Program Files\dotnet\shared\Microsoft.NETCore.App\5.0.7\System.Linq.Expressions.dll</ModulePath>
      <ModuleTime>2021-05-05T19:11:42Z</ModuleTime>
      <ModuleName>System.Linq.Expressions</ModuleName>
      <Classes />
    </Module>
    <Module skippedDueTo="Filter" hash="7F-C8-B3-13-3A-DC-DF-AC-00-70-0C-4C-AF-3A-C6-FE-12-E0-63-E1">
      <ModulePath>C:\Program Files\dotnet\shared\Microsoft.NETCore.App\5.0.7\System.ComponentModel.TypeConverter.dll</ModulePath>
      <ModuleTime>2021-05-05T19:12:08Z</ModuleTime>
      <ModuleName>System.ComponentModel.TypeConverter</ModuleName>
      <Classes />
    </Module>
    <Module skippedDueTo="Filter" hash="A5-20-F3-F4-9C-B5-CA-46-E6-12-30-7F-DC-36-69-91-BB-6D-FE-02">
      <ModulePath>C:\Program Files\dotnet\sdk\5.0.301\NuGet.Packaging.dll</ModulePath>
      <ModuleTime>2021-05-21T18:15:48Z</ModuleTime>
      <ModuleName>NuGet.Packaging</ModuleName>
      <Classes />
    </Module>
    <Module skippedDueTo="Filter" hash="45-54-BF-9F-99-FF-4C-49-03-1F-E1-3C-59-3C-74-74-16-49-E6-9F">
      <ModulePath>C:\Program Files\dotnet\sdk\5.0.301\NuGet.LibraryModel.dll</ModulePath>
      <ModuleTime>2021-05-21T18:15:24Z</ModuleTime>
      <ModuleName>NuGet.LibraryModel</ModuleName>
      <Classes />
    </Module>
    <Module skippedDueTo="Filter" hash="F9-49-F6-5D-A0-99-3B-7B-83-85-68-C8-DF-23-56-72-B1-C4-46-95">
      <ModulePath>C:\Program Files\dotnet\sdk\5.0.301\NuGet.Protocol.dll</ModulePath>
      <ModuleTime>2021-05-21T18:15:48Z</ModuleTime>
      <ModuleName>NuGet.Protocol</ModuleName>
      <Classes />
    </Module>
    <Module skippedDueTo="Filter" hash="18-7C-6E-34-05-60-F5-1C-BD-D1-05-67-81-A4-84-2E-4C-B3-76-A9">
      <ModulePath>C:\Program Files\dotnet\sdk\5.0.301\NuGet.Credentials.dll</ModulePath>
      <ModuleTime>2021-05-21T18:15:24Z</ModuleTime>
      <ModuleName>NuGet.Credentials</ModuleName>
      <Classes />
    </Module>
    <Module skippedDueTo="Filter" hash="9C-B3-C3-E4-53-27-B7-74-9C-47-33-98-67-98-AB-98-6C-FC-5F-7A">
      <ModulePath>C:\Program Files\dotnet\sdk\5.0.301\NuGet.DependencyResolver.Core.dll</ModulePath>
      <ModuleTime>2021-05-21T18:15:24Z</ModuleTime>
      <ModuleName>NuGet.DependencyResolver.Core</ModuleName>
      <Classes />
    </Module>
    <Module skippedDueTo="Filter" hash="2B-C5-74-63-7E-20-60-66-A1-F2-DF-0D-25-66-66-41-EF-B3-66-C9">
      <ModulePath>C:\Program Files\dotnet\shared\Microsoft.NETCore.App\5.0.7\System.Runtime.Serialization.Primitives.dll</ModulePath>
      <ModuleTime>2021-05-05T19:11:42Z</ModuleTime>
      <ModuleName>System.Runtime.Serialization.Primitives</ModuleName>
      <Classes />
    </Module>
    <Module skippedDueTo="Filter" hash="5A-3E-A2-2E-92-B8-64-65-82-73-72-BF-24-49-63-03-56-33-36-E3">
      <ModulePath>C:\Program Files\dotnet\shared\Microsoft.NETCore.App\5.0.7\System.Runtime.Numerics.dll</ModulePath>
      <ModuleTime>2021-05-05T19:12:12Z</ModuleTime>
      <ModuleName>System.Runtime.Numerics</ModuleName>
      <Classes />
    </Module>
    <Module skippedDueTo="Filter" hash="2C-F1-EB-17-C7-C9-14-99-67-B7-EE-4A-F7-AE-07-3C-39-F2-81-6A">
      <ModulePath>C:\Program Files\dotnet\shared\Microsoft.NETCore.App\5.0.7\System.Collections.Specialized.dll</ModulePath>
      <ModuleTime>2021-05-05T19:12:08Z</ModuleTime>
      <ModuleName>System.Collections.Specialized</ModuleName>
      <Classes />
    </Module>
    <Module skippedDueTo="Filter" hash="F2-D1-81-81-EC-6B-D7-68-26-04-F8-B0-74-9B-FE-61-4F-C1-C2-5C">
      <ModulePath>C:\Program Files\dotnet\shared\Microsoft.NETCore.App\5.0.7\System.Data.Common.dll</ModulePath>
      <ModuleTime>2021-05-05T19:12:04Z</ModuleTime>
      <ModuleName>System.Data.Common</ModuleName>
      <Classes />
    </Module>
    <Module skippedDueTo="Filter" hash="">
      <ModulePath>RefEmit_InMemoryManifestModule</ModulePath>
      <ModuleTime>0001-01-01T00:00:00</ModuleTime>
      <ModuleName>Anonymously Hosted DynamicMethods Assembly</ModuleName>
      <Classes />
    </Module>
    <Module skippedDueTo="Filter" hash="90-BD-2B-EE-35-AD-43-71-82-21-A6-AC-D1-A5-83-E3-C3-50-E7-6C">
      <ModulePath>C:\Program Files\dotnet\shared\Microsoft.NETCore.App\5.0.7\System.ComponentModel.dll</ModulePath>
      <ModuleTime>2021-05-05T19:12:04Z</ModuleTime>
      <ModuleName>System.ComponentModel</ModuleName>
      <Classes />
    </Module>
    <Module skippedDueTo="Filter" hash="8A-98-19-6E-F7-74-67-88-A6-B6-93-A8-36-42-D5-8F-C5-EA-22-74">
      <ModulePath>C:\Program Files\dotnet\sdk\5.0.301\Microsoft.TestPlatform.Build.dll</ModulePath>
      <ModuleTime>2021-05-21T18:15:34Z</ModuleTime>
      <ModuleName>Microsoft.TestPlatform.Build</ModuleName>
      <Classes />
    </Module>
    <Module skippedDueTo="Filter" hash="52-A2-42-32-35-A0-F9-A3-29-E4-C0-F8-3F-56-56-F2-9E-1A-9D-F3">
      <ModulePath>C:\Program Files\dotnet\shared\Microsoft.NETCore.App\5.0.7\System.Diagnostics.Tools.dll</ModulePath>
      <ModuleTime>2021-05-05T19:11:40Z</ModuleTime>
      <ModuleName>System.Diagnostics.Tools</ModuleName>
      <Classes />
    </Module>
    <Module skippedDueTo="Filter" hash="11-F7-1D-7B-C3-A4-94-A5-7E-7A-8B-29-97-9D-F8-39-B9-9C-95-37">
      <ModulePath>C:\Program Files\dotnet\shared\Microsoft.NETCore.App\5.0.7\System.Runtime.Extensions.dll</ModulePath>
      <ModuleTime>2021-05-05T19:12:06Z</ModuleTime>
      <ModuleName>System.Runtime.Extensions</ModuleName>
      <Classes />
    </Module>
    <Module skippedDueTo="Filter" hash="3D-BE-82-81-0E-25-D5-DC-30-12-76-21-69-A1-E5-D2-07-85-FA-7A">
      <ModulePath>C:\Program Files\dotnet\shared\Microsoft.NETCore.App\5.0.7\System.Diagnostics.Debug.dll</ModulePath>
      <ModuleTime>2021-05-05T19:11:38Z</ModuleTime>
      <ModuleName>System.Diagnostics.Debug</ModuleName>
      <Classes />
    </Module>
    <Module skippedDueTo="Filter" hash="B3-5C-17-C2-1A-A9-9D-9E-CA-F2-8F-44-88-5F-C8-66-B7-BA-02-D8">
[...]
                <SequencePoint vc="1" uspid="42" ordinal="11" offset="56" sl="65" sc="9" el="65" ec="10" bec="0" bev="0" fileid="2" />
              </SequencePoints>
              <BranchPoints />
              <MethodPoint xsi:type="SequencePoint" vc="1" uspid="31" ordinal="0" offset="0" sl="52" sc="9" el="52" ec="10" bec="0" bev="0" fileid="2" />
            </Method>
            <Method visited="true" cyclomaticComplexity="1" nPathComplexity="0" sequenceCoverage="83.33" branchCoverage="100" crapScore="1.00" isConstructor="false" isStatic="false" isGetter="false" isSetter="false">
              <Summary numSequencePoints="12" visitedSequencePoints="10" numBranchPoints="1" visitedBranchPoints="1" sequenceCoverage="83.33" branchCoverage="100" maxCyclomaticComplexity="1" minCyclomaticComplexity="1" maxCrapScore="1.00" minCrapScore="1.00" visitedClasses="0" numClasses="0" visitedMethods="1" numMethods="1" />
              <MetadataToken>100663303</MetadataToken>
              <Name>System.Void RiceItemsTests.InventoryTest::SetItemExceedingIndexTest()</Name>
              <FileRef uid="2" />
              <SequencePoints>
                <SequencePoint vc="1" uspid="43" ordinal="0" offset="0" sl="69" sc="9" el="69" ec="10" bec="0" bev="0" fileid="2" />
                <SequencePoint vc="1" uspid="44" ordinal="1" offset="1" sl="70" sc="13" el="70" ec="36" bec="0" bev="0" fileid="2" />
                <SequencePoint vc="1" uspid="45" ordinal="2" offset="4" sl="71" sc="13" el="71" ec="64" bec="0" bev="0" fileid="2" />
                <SequencePoint vc="1" uspid="46" ordinal="3" offset="11" sl="72" sc="13" el="72" ec="86" bec="0" bev="0" fileid="2" />
                <SequencePoint vc="1" uspid="47" ordinal="4" offset="32" sl="74" sc="13" el="74" ec="14" bec="0" bev="0" fileid="2" />
                <SequencePoint vc="1" uspid="48" ordinal="5" offset="33" sl="75" sc="17" el="75" ec="49" bec="0" bev="0" fileid="2" />
                <SequencePoint vc="0" uspid="49" ordinal="6" offset="43" sl="76" sc="13" el="76" ec="14" bec="0" bev="0" fileid="2" />
                <SequencePoint vc="1" uspid="50" ordinal="7" offset="46" sl="77" sc="13" el="77" ec="48" bec="0" bev="0" fileid="2" />
                <SequencePoint vc="1" uspid="51" ordinal="8" offset="47" sl="78" sc="13" el="78" ec="14" bec="0" bev="0" fileid="2" />
                <SequencePoint vc="1" uspid="52" ordinal="9" offset="48" sl="79" sc="17" el="79" ec="24" bec="0" bev="0" fileid="2" />
                <SequencePoint vc="0" uspid="53" ordinal="10" offset="50" sl="81" sc="13" el="81" ec="27" bec="0" bev="0" fileid="2" />
                <SequencePoint vc="1" uspid="54" ordinal="11" offset="56" sl="82" sc="9" el="82" ec="10" bec="0" bev="0" fileid="2" />
              </SequencePoints>
              <BranchPoints />
              <MethodPoint xsi:type="SequencePoint" vc="1" uspid="43" ordinal="0" offset="0" sl="69" sc="9" el="69" ec="10" bec="0" bev="0" fileid="2" />
            </Method>
            <Method visited="true" cyclomaticComplexity="1" nPathComplexity="0" sequenceCoverage="100" branchCoverage="100" crapScore="1" isConstructor="false" isStatic="false" isGetter="false" isSetter="false">
              <Summary numSequencePoints="12" visitedSequencePoints="12" numBranchPoints="1" visitedBranchPoints="1" sequenceCoverage="100" branchCoverage="100" maxCyclomaticComplexity="1" minCyclomaticComplexity="1" maxCrapScore="1" minCrapScore="1" visitedClasses="0" numClasses="0" visitedMethods="1" numMethods="1" />
              <MetadataToken>100663304</MetadataToken>
              <Name>System.Void RiceItemsTests.InventoryTest::GetItemTest()</Name>
              <FileRef uid="2" />
              <SequencePoints>
                <SequencePoint vc="1" uspid="55" ordinal="0" offset="0" sl="86" sc="9" el="86" ec="10" bec="0" bev="0" fileid="2" />
                <SequencePoint vc="1" uspid="56" ordinal="1" offset="1" sl="87" sc="13" el="87" ec="36" bec="0" bev="0" fileid="2" />
                <SequencePoint vc="1" uspid="57" ordinal="2" offset="4" sl="88" sc="13" el="88" ec="64" bec="0" bev="0" fileid="2" />
                <SequencePoint vc="1" uspid="58" ordinal="3" offset="11" sl="90" sc="13" el="90" ec="86" bec="0" bev="0" fileid="2" />
                <SequencePoint vc="1" uspid="59" ordinal="4" offset="32" sl="91" sc="13" el="91" ec="44" bec="0" bev="0" fileid="2" />
                <SequencePoint vc="1" uspid="60" ordinal="5" offset="41" sl="92" sc="13" el="92" ec="52" bec="0" bev="0" fileid="2" />
                <SequencePoint vc="1" uspid="61" ordinal="6" offset="49" sl="93" sc="13" el="93" ec="51" bec="0" bev="0" fileid="2" />
                <SequencePoint vc="1" uspid="62" ordinal="7" offset="57" sl="95" sc="13" el="95" ec="86" bec="0" bev="0" fileid="2" />
                <SequencePoint vc="1" uspid="63" ordinal="8" offset="79" sl="96" sc="13" el="96" ec="50" bec="0" bev="0" fileid="2" />
                <SequencePoint vc="1" uspid="64" ordinal="9" offset="89" sl="97" sc="13" el="97" ec="58" bec="0" bev="0" fileid="2" />
                <SequencePoint vc="1" uspid="65" ordinal="10" offset="98" sl="98" sc="13" el="98" ec="63" bec="0" bev="0" fileid="2" />
                <SequencePoint vc="1" uspid="66" ordinal="11" offset="108" sl="99" sc="9" el="99" ec="10" bec="0" bev="0" fileid="2" />
              </SequencePoints>
              <BranchPoints />
              <MethodPoint xsi:type="SequencePoint" vc="1" uspid="55" ordinal="0" offset="0" sl="86" sc="9" el="86" ec="10" bec="0" bev="0" fileid="2" />
            </Method>
            <Method visited="true" cyclomaticComplexity="1" nPathComplexity="0" sequenceCoverage="81.82" branchCoverage="100" crapScore="1.01" isConstructor="false" isStatic="false" isGetter="false" isSetter="false">
              <Summary numSequencePoints="11" visitedSequencePoints="9" numBranchPoints="1" visitedBranchPoints="1" sequenceCoverage="81.82" branchCoverage="100" maxCyclomaticComplexity="1" minCyclomaticComplexity="1" maxCrapScore="1.01" minCrapScore="1.01" visitedClasses="0" numClasses="0" visitedMethods="1" numMethods="1" />
              <MetadataToken>100663305</MetadataToken>
              <Name>System.Void RiceItemsTests.InventoryTest::GetItemNegativeTest()</Name>
              <FileRef uid="2" />
              <SequencePoints>
                <SequencePoint vc="1" uspid="67" ordinal="0" offset="0" sl="103" sc="9" el="103" ec="10" bec="0" bev="0" fileid="2" />
                <SequencePoint vc="1" uspid="68" ordinal="1" offset="1" sl="104" sc="13" el="104" ec="36" bec="0" bev="0" fileid="2" />
                <SequencePoint vc="1" uspid="69" ordinal="2" offset="4" sl="105" sc="13" el="105" ec="64" bec="0" bev="0" fileid="2" />
                <SequencePoint vc="1" uspid="70" ordinal="3" offset="11" sl="107" sc="13" el="107" ec="14" bec="0" bev="0" fileid="2" />
                <SequencePoint vc="1" uspid="71" ordinal="4" offset="12" sl="108" sc="17" el="108" ec="39" bec="0" bev="0" fileid="2" />
                <SequencePoint vc="0" uspid="72" ordinal="5" offset="21" sl="109" sc="13" el="109" ec="14" bec="0" bev="0" fileid="2" />
                <SequencePoint vc="1" uspid="73" ordinal="6" offset="24" sl="110" sc="13" el="110" ec="48" bec="0" bev="0" fileid="2" />
                <SequencePoint vc="1" uspid="74" ordinal="7" offset="25" sl="111" sc="13" el="111" ec="14" bec="0" bev="0" fileid="2" />
                <SequencePoint vc="1" uspid="75" ordinal="8" offset="26" sl="112" sc="17" el="112" ec="24" bec="0" bev="0" fileid="2" />
                <SequencePoint vc="0" uspid="76" ordinal="9" offset="28" sl="114" sc="13" el="114" ec="27" bec="0" bev="0" fileid="2" />
                <SequencePoint vc="1" uspid="77" ordinal="10" offset="34" sl="115" sc="9" el="115" ec="10" bec="0" bev="0" fileid="2" />
              </SequencePoints>
              <BranchPoints />
              <MethodPoint xsi:type="SequencePoint" vc="1" uspid="67" ordinal="0" offset="0" sl="103" sc="9" el="103" ec="10" bec="0" bev="0" fileid="2" />
            </Method>
            <Method visited="true" cyclomaticComplexity="1" nPathComplexity="0" sequenceCoverage="81.82" branchCoverage="100" crapScore="1.01" isConstructor="false" isStatic="false" isGetter="false" isSetter="false">
              <Summary numSequencePoints="11" visitedSequencePoints="9" numBranchPoints="1" visitedBranchPoints="1" sequenceCoverage="81.82" branchCoverage="100" maxCyclomaticComplexity="1" minCyclomaticComplexity="1" maxCrapScore="1.01" minCrapScore="1.01" visitedClasses="0" numClasses="0" visitedMethods="1" numMethods="1" />
              <MetadataToken>100663306</MetadataToken>
              <Name>System.Void RiceItemsTests.InventoryTest::GetItemExceedingIndexTest()</Name>
              <FileRef uid="2" />
              <SequencePoints>
                <SequencePoint vc="1" uspid="78" ordinal="0" offset="0" sl="119" sc="9" el="119" ec="10" bec="0" bev="0" fileid="2" />
                <SequencePoint vc="1" uspid="79" ordinal="1" offset="1" sl="120" sc="13" el="120" ec="36" bec="0" bev="0" fileid="2" />
                <SequencePoint vc="1" uspid="80" ordinal="2" offset="4" sl="121" sc="13" el="121" ec="64" bec="0" bev="0" fileid="2" />
                <SequencePoint vc="1" uspid="81" ordinal="3" offset="11" sl="123" sc="13" el="123" ec="14" bec="0" bev="0" fileid="2" />
                <SequencePoint vc="1" uspid="82" ordinal="4" offset="12" sl="124" sc="17" el="124" ec="39" bec="0" bev="0" fileid="2" />
                <SequencePoint vc="0" uspid="83" ordinal="5" offset="21" sl="125" sc="13" el="125" ec="14" bec="0" bev="0" fileid="2" />
                <SequencePoint vc="1" uspid="84" ordinal="6" offset="24" sl="126" sc="13" el="126" ec="48" bec="0" bev="0" fileid="2" />
                <SequencePoint vc="1" uspid="85" ordinal="7" offset="25" sl="127" sc="13" el="127" ec="14" bec="0" bev="0" fileid="2" />
                <SequencePoint vc="1" uspid="86" ordinal="8" offset="26" sl="128" sc="17" el="128" ec="24" bec="0" bev="0" fileid="2" />
                <SequencePoint vc="0" uspid="87" ordinal="9" offset="28" sl="130" sc="13" el="130" ec="27" bec="0" bev="0" fileid="2" />
                <SequencePoint vc="1" uspid="88" ordinal="10" offset="34" sl="131" sc="9" el="131" ec="10" bec="0" bev="0" fileid="2" />
              </SequencePoints>
              <BranchPoints />
              <MethodPoint xsi:type="SequencePoint" vc="1" uspid="78" ordinal="0" offset="0" sl="119" sc="9" el="119" ec="10" bec="0" bev="0" fileid="2" />
            </Method>
            <Method visited="false" cyclomaticComplexity="1" nPathComplexity="0" sequenceCoverage="0" branchCoverage="0" crapScore="2" isConstructor="true" isStatic="false" isGetter="false" isSetter="false">
              <Summary numSequencePoints="0" visitedSequencePoints="0" numBranchPoints="0" visitedBranchPoints="0" sequenceCoverage="0" branchCoverage="0" maxCyclomaticComplexity="1" minCyclomaticComplexity="1" maxCrapScore="2" minCrapScore="2" visitedClasses="0" numClasses="0" visitedMethods="0" numMethods="0" />
              <MetadataToken>100663307</MetadataToken>
              <Name>System.Void RiceItemsTests.InventoryTest::.ctor()</Name>
              <SequencePoints />
              <BranchPoints />
              <MethodPoint vc="0" uspid="89" ordinal="0" offset="0" />
            </Method>
          </Methods>
        </Class>
        <Class>
          <Summary numSequencePoints="9" visitedSequencePoints="9" numBranchPoints="1" visitedBranchPoints="1" sequenceCoverage="100" branchCoverage="100" maxCyclomaticComplexity="1" minCyclomaticComplexity="1" maxCrapScore="2" minCrapScore="1" visitedClasses="1" numClasses="1" visitedMethods="1" numMethods="1" />
          <FullName>RiceItemsTests.ItemTest</FullName>
          <Methods>
            <Method visited="true" cyclomaticComplexity="1" nPathComplexity="0" sequenceCoverage="100" branchCoverage="100" crapScore="1" isConstructor="false" isStatic="false" isGetter="false" isSetter="false">
              <Summary numSequencePoints="9" visitedSequencePoints="9" numBranchPoints="1" visitedBranchPoints="1" sequenceCoverage="100" branchCoverage="100" maxCyclomaticComplexity="1" minCyclomaticComplexity="1" maxCrapScore="1" minCrapScore="1" visitedClasses="0" numClasses="0" visitedMethods="1" numMethods="1" />
              <MetadataToken>100663308</MetadataToken>
              <Name>System.Void RiceItemsTests.ItemTest::BasicConstructorTest()</Name>
              <FileRef uid="3" />
              <SequencePoints>
                <SequencePoint vc="1" uspid="90" ordinal="0" offset="0" sl="11" sc="9" el="11" ec="10" bec="0" bev="0" fileid="3" />
                <SequencePoint vc="1" uspid="91" ordinal="1" offset="1" sl="12" sc="13" el="12" ec="42" bec="0" bev="0" fileid="3" />
                <SequencePoint vc="1" uspid="92" ordinal="2" offset="7" sl="13" sc="13" el="13" ec="50" bec="0" bev="0" fileid="3" />
                <SequencePoint vc="1" uspid="93" ordinal="3" offset="13" sl="14" sc="13" el="14" ec="60" bec="0" bev="0" fileid="3" />
                <SequencePoint vc="1" uspid="94" ordinal="4" offset="19" sl="16" sc="13" el="16" ec="78" bec="0" bev="0" fileid="3" />
                <SequencePoint vc="1" uspid="95" ordinal="5" offset="28" sl="18" sc="13" el="18" ec="95" bec="0" bev="0" fileid="3" />
                <SequencePoint vc="1" uspid="96" ordinal="6" offset="46" sl="19" sc="13" el="19" ec="119" bec="0" bev="0" fileid="3" />
                <SequencePoint vc="1" uspid="97" ordinal="7" offset="64" sl="20" sc="13" el="20" ec="123" bec="0" bev="0" fileid="3" />
                <SequencePoint vc="1" uspid="98" ordinal="8" offset="82" sl="21" sc="9" el="21" ec="10" bec="0" bev="0" fileid="3" />
              </SequencePoints>
              <BranchPoints />
              <MethodPoint xsi:type="SequencePoint" vc="1" uspid="90" ordinal="0" offset="0" sl="11" sc="9" el="11" ec="10" bec="0" bev="0" fileid="3" />
            </Method>
            <Method visited="false" cyclomaticComplexity="1" nPathComplexity="0" sequenceCoverage="0" branchCoverage="0" crapScore="2" isConstructor="true" isStatic="false" isGetter="false" isSetter="false">
              <Summary numSequencePoints="0" visitedSequencePoints="0" numBranchPoints="0" visitedBranchPoints="0" sequenceCoverage="0" branchCoverage="0" maxCyclomaticComplexity="1" minCyclomaticComplexity="1" maxCrapScore="2" minCrapScore="2" visitedClasses="0" numClasses="0" visitedMethods="0" numMethods="0" />
              <MetadataToken>100663309</MetadataToken>
              <Name>System.Void RiceItemsTests.ItemTest::.ctor()</Name>
              <SequencePoints />
              <BranchPoints />
              <MethodPoint vc="0" uspid="99" ordinal="0" offset="0" />
            </Method>
          </Methods>
        </Class>
      </Classes>
    </Module>
    <Module skippedDueTo="Filter" hash="89-D4-84-CC-1C-8D-55-9A-CF-1C-9D-34-9A-FA-BD-64-FD-5A-C1-EB">
      <ModulePath>E:\Dev Stuff\CShaerf\RiceItems\RiceItemsTests\bin\Debug\netcoreapp3.1\Microsoft.TestPlatform.AdapterUtilities.dll</ModulePath>
      <ModuleTime>2021-02-23T11:49:58Z</ModuleTime>
      <ModuleName>Microsoft.TestPlatform.AdapterUtilities</ModuleName>
      <Classes />
    </Module>
    <Module skippedDueTo="Filter" hash="EB-F9-31-BB-A7-69-40-0C-CF-B1-A4-F8-B7-70-A6-2C-C6-EF-80-25">
      <ModulePath>C:\Program Files\dotnet\shared\Microsoft.NETCore.App\3.1.16\System.IO.FileSystem.Primitives.dll</ModulePath>
      <ModuleTime>2021-05-12T22:53:36Z</ModuleTime>
      <ModuleName>System.IO.FileSystem.Primitives</ModuleName>
      <Classes />
    </Module>
    <Module skippedDueTo="Filter" hash="E2-F5-53-B4-DF-DA-EF-65-1F-EF-E5-F1-66-EE-A9-FD-87-72-93-E1">
      <ModulePath>E:\Dev Stuff\CShaerf\RiceItems\RiceItemsTests\bin\Debug\netcoreapp3.1\Microsoft.VisualStudio.TestPlatform.TestFramework.Extensions.dll</ModulePath>
      <ModuleTime>2021-03-16T13:17:32Z</ModuleTime>
      <ModuleName>Microsoft.VisualStudio.TestPlatform.TestFramework.Extensions</ModuleName>
      <Classes />
    </Module>
    <Module skippedDueTo="Filter" hash="35-E2-4C-62-F9-9A-61-6E-02-6F-FE-81-20-68-30-B7-EB-68-C8-A4">
      <ModulePath>C:\Program Files\dotnet\shared\Microsoft.NETCore.App\3.1.16\System.ComponentModel.TypeConverter.dll</ModulePath>
      <ModuleTime>2021-05-12T22:53:24Z</ModuleTime>
      <ModuleName>System.ComponentModel.TypeConverter</ModuleName>
      <Classes />
    </Module>
    <Module skippedDueTo="Filter" hash="E7-3A-17-22-FB-3E-6C-5D-C4-7E-FC-F4-9F-BA-75-69-C1-D3-D2-00">
      <ModulePath>C:\Program Files\dotnet\shared\Microsoft.NETCore.App\3.1.16\System.Collections.Concurrent.dll</ModulePath>
      <ModuleTime>2021-05-12T22:53:22Z</ModuleTime>
      <ModuleName>System.Collections.Concurrent</ModuleName>
      <Classes />
    </Module>
    <Module skippedDueTo="Filter" hash="44-EE-DE-EA-27-3B-C5-BB-CE-24-19-C7-A8-76-5E-12-C7-76-5B-83">
      <ModulePath>C:\Program Files\dotnet\shared\Microsoft.NETCore.App\3.1.16\System.Diagnostics.TextWriterTraceListener.dll</ModulePath>
      <ModuleTime>2021-05-12T22:53:30Z</ModuleTime>
      <ModuleName>System.Diagnostics.TextWriterTraceListener</ModuleName>
      <Classes />
    </Module>
    <Module skippedDueTo="Filter" hash="BA-E7-F1-E7-C8-59-E9-B6-98-7C-DA-EA-73-70-A2-F2-83-30-7A-7A">
      <ModulePath>C:\Program Files\dotnet\shared\Microsoft.NETCore.App\3.1.16\System.Console.dll</ModulePath>
      <ModuleTime>2021-05-12T22:53:24Z</ModuleTime>
      <ModuleName>System.Console</ModuleName>
      <Classes />
    </Module>
    <Module skippedDueTo="Filter" hash="3C-25-34-86-6A-AE-5C-2E-25-A0-24-1B-69-54-B7-3C-CC-2B-5F-08">
      <ModulePath>E:\Dev Stuff\CShaerf\RiceItems\RiceItemsTests\bin\Debug\netcoreapp3.1\RiceItems.dll</ModulePath>
      <ModuleTime>2021-07-13T00:23:40.5940114Z</ModuleTime>
      <ModuleName>RiceItems</ModuleName>
      <Classes />
    </Module>
    <Module skippedDueTo="Filter" hash="52-96-79-CB-64-5B-07-EF-46-F5-6A-4D-4B-A0-BC-7C-7B-0B-7A-2B">
      <ModulePath>C:\Program Files\dotnet\shared\Microsoft.NETCore.App\3.1.16\System.Security.Cryptography.Primitives.dll</ModulePath>
      <ModuleTime>2021-05-12T22:53:34Z</ModuleTime>
      <ModuleName>System.Security.Cryptography.Primitives</ModuleName>
      <Classes />
    </Module>
    <Module skippedDueTo="Filter" hash="D2-57-70-04-49-D2-75-D7-20-E3-7D-D8-53-5D-1D-A7-7E-E8-DE-04">
      <ModulePath>C:\Program Files\dotnet\shared\Microsoft.NETCore.App\5.0.7\System.Runtime.Serialization.Json.dll</ModulePath>
      <ModuleTime>2021-05-05T19:11:42Z</ModuleTime>
      <ModuleName>System.Runtime.Serialization.Json</ModuleName>
      <Classes />
    </Module>
    <Module skippedDueTo="Filter" hash="BF-E9-35-35-B3-B5-51-68-B5-72-3E-CD-6E-11-CD-5B-EB-28-8A-FF">
      <ModulePath>C:\Program Files\dotnet\shared\Microsoft.NETCore.App\5.0.7\System.Private.DataContractSerialization.dll</ModulePath>
      <ModuleTime>2021-05-05T19:11:40Z</ModuleTime>
      <ModuleName>System.Private.DataContractSerialization</ModuleName>
      <Classes />
    </Module>
    <Module skippedDueTo="Filter" hash="A0-03-6F-27-1C-04-96-9E-7F-5E-C9-6A-23-FC-E6-31-B0-CD-DA-D9">
      <ModulePath>C:\Program Files\dotnet\shared\Microsoft.NETCore.App\5.0.7\System.Runtime.Serialization.Xml.dll</ModulePath>
      <ModuleTime>2021-05-05T19:11:44Z</ModuleTime>
      <ModuleName>System.Runtime.Serialization.Xml</ModuleName>
      <Classes />
    </Module>
    <Module skippedDueTo="Filter" hash="07-BB-3A-EE-FF-E3-14-FE-C4-37-6C-0F-2B-76-FE-ED-75-DA-92-30">
      <ModulePath>C:\Program Files\dotnet\shared\Microsoft.NETCore.App\5.0.7\System.Text.RegularExpressions.dll</ModulePath>
      <ModuleTime>2021-05-05T19:12:16Z</ModuleTime>
      <ModuleName>System.Text.RegularExpressions</ModuleName>
      <Classes />
    </Module>
  </Modules>
</CoverageSession>